{"C:\\Users\\zcohe\\Documents\\290\\engr290\\ChatHaven\\App\\backend\\server.js": {"path":"C:\\Users\\zcohe\\Documents\\290\\engr290\\ChatHaven\\App\\backend\\server.js","statementMap":{"0":{"start":{"line":1,"column":16},"end":{"line":1,"column":34}},"1":{"start":{"line":2,"column":14},"end":{"line":2,"column":31}},"2":{"start":{"line":3,"column":13},"end":{"line":3,"column":28}},"3":{"start":{"line":5,"column":13},"end":{"line":5,"column":28}},"4":{"start":{"line":6,"column":19},"end":{"line":6,"column":39}},"5":{"start":{"line":9,"column":13},"end":{"line":9,"column":17}},"6":{"start":{"line":11,"column":12},"end":{"line":11,"column":21}},"7":{"start":{"line":12,"column":0},"end":{"line":12,"column":24}},"8":{"start":{"line":13,"column":0},"end":{"line":13,"column":16}},"9":{"start":{"line":17,"column":15},"end":{"line":17,"column":37}},"10":{"start":{"line":18,"column":11},"end":{"line":22,"column":2}},"11":{"start":{"line":26,"column":11},"end":{"line":33,"column":2}},"12":{"start":{"line":35,"column":0},"end":{"line":38,"column":3}},"13":{"start":{"line":36,"column":2},"end":{"line":36,"column":21}},"14":{"start":{"line":36,"column":11},"end":{"line":36,"column":21}},"15":{"start":{"line":37,"column":2},"end":{"line":37,"column":27}},"16":{"start":{"line":42,"column":0},"end":{"line":70,"column":3}},"17":{"start":{"line":43,"column":2},"end":{"line":43,"column":46}},"18":{"start":{"line":46,"column":2},"end":{"line":65,"column":5}},"19":{"start":{"line":47,"column":80},"end":{"line":47,"column":84}},"20":{"start":{"line":48,"column":16},"end":{"line":48,"column":133}},"21":{"start":{"line":50,"column":4},"end":{"line":64,"column":7}},"22":{"start":{"line":51,"column":6},"end":{"line":54,"column":7}},"23":{"start":{"line":52,"column":8},"end":{"line":52,"column":46}},"24":{"start":{"line":53,"column":8},"end":{"line":53,"column":15}},"25":{"start":{"line":56,"column":6},"end":{"line":63,"column":9}},"26":{"start":{"line":67,"column":2},"end":{"line":69,"column":5}},"27":{"start":{"line":68,"column":4},"end":{"line":68,"column":51}},"28":{"start":{"line":76,"column":0},"end":{"line":102,"column":3}},"29":{"start":{"line":77,"column":33},"end":{"line":77,"column":41}},"30":{"start":{"line":80,"column":23},"end":{"line":80,"column":63}},"31":{"start":{"line":81,"column":2},"end":{"line":101,"column":5}},"32":{"start":{"line":83,"column":4},"end":{"line":83,"column":64}},"33":{"start":{"line":83,"column":13},"end":{"line":83,"column":64}},"34":{"start":{"line":85,"column":4},"end":{"line":87,"column":5}},"35":{"start":{"line":86,"column":6},"end":{"line":86,"column":74}},"36":{"start":{"line":90,"column":26},"end":{"line":90,"column":89}},"37":{"start":{"line":91,"column":4},"end":{"line":93,"column":7}},"38":{"start":{"line":92,"column":6},"end":{"line":92,"column":66}},"39":{"start":{"line":92,"column":15},"end":{"line":92,"column":66}},"40":{"start":{"line":96,"column":29},"end":{"line":96,"column":111}},"41":{"start":{"line":97,"column":4},"end":{"line":99,"column":7}},"42":{"start":{"line":98,"column":6},"end":{"line":98,"column":66}},"43":{"start":{"line":98,"column":15},"end":{"line":98,"column":66}},"44":{"start":{"line":100,"column":4},"end":{"line":100,"column":57}},"45":{"start":{"line":105,"column":0},"end":{"line":118,"column":3}},"46":{"start":{"line":106,"column":33},"end":{"line":106,"column":41}},"47":{"start":{"line":108,"column":14},"end":{"line":108,"column":88}},"48":{"start":{"line":109,"column":2},"end":{"line":117,"column":5}},"49":{"start":{"line":110,"column":4},"end":{"line":110,"column":64}},"50":{"start":{"line":110,"column":13},"end":{"line":110,"column":64}},"51":{"start":{"line":112,"column":4},"end":{"line":114,"column":5}},"52":{"start":{"line":113,"column":6},"end":{"line":113,"column":67}},"53":{"start":{"line":116,"column":4},"end":{"line":116,"column":70}},"54":{"start":{"line":122,"column":0},"end":{"line":147,"column":3}},"55":{"start":{"line":124,"column":39},"end":{"line":124,"column":47}},"56":{"start":{"line":128,"column":26},"end":{"line":128,"column":77}},"57":{"start":{"line":129,"column":2},"end":{"line":146,"column":5}},"58":{"start":{"line":131,"column":4},"end":{"line":131,"column":64}},"59":{"start":{"line":131,"column":13},"end":{"line":131,"column":64}},"60":{"start":{"line":133,"column":4},"end":{"line":135,"column":5}},"61":{"start":{"line":134,"column":6},"end":{"line":134,"column":91}},"62":{"start":{"line":139,"column":33},"end":{"line":139,"column":97}},"63":{"start":{"line":140,"column":4},"end":{"line":143,"column":7}},"64":{"start":{"line":142,"column":6},"end":{"line":142,"column":66}},"65":{"start":{"line":142,"column":15},"end":{"line":142,"column":66}},"66":{"start":{"line":145,"column":4},"end":{"line":145,"column":57}},"67":{"start":{"line":151,"column":0},"end":{"line":164,"column":3}},"68":{"start":{"line":152,"column":25},"end":{"line":152,"column":33}},"69":{"start":{"line":154,"column":33},"end":{"line":154,"column":80}},"70":{"start":{"line":155,"column":4},"end":{"line":157,"column":7}},"71":{"start":{"line":156,"column":6},"end":{"line":156,"column":66}},"72":{"start":{"line":156,"column":15},"end":{"line":156,"column":66}},"73":{"start":{"line":158,"column":29},"end":{"line":158,"column":100}},"74":{"start":{"line":159,"column":4},"end":{"line":161,"column":7}},"75":{"start":{"line":160,"column":6},"end":{"line":160,"column":66}},"76":{"start":{"line":160,"column":15},"end":{"line":160,"column":66}},"77":{"start":{"line":163,"column":4},"end":{"line":163,"column":57}},"78":{"start":{"line":167,"column":0},"end":{"line":188,"column":3}},"79":{"start":{"line":168,"column":35},"end":{"line":168,"column":43}},"80":{"start":{"line":171,"column":26},"end":{"line":171,"column":101}},"81":{"start":{"line":172,"column":2},"end":{"line":187,"column":5}},"82":{"start":{"line":174,"column":4},"end":{"line":174,"column":64}},"83":{"start":{"line":174,"column":13},"end":{"line":174,"column":64}},"84":{"start":{"line":176,"column":4},"end":{"line":178,"column":5}},"85":{"start":{"line":177,"column":6},"end":{"line":177,"column":83}},"86":{"start":{"line":181,"column":30},"end":{"line":181,"column":104}},"87":{"start":{"line":183,"column":4},"end":{"line":186,"column":7}},"88":{"start":{"line":184,"column":6},"end":{"line":184,"column":66}},"89":{"start":{"line":184,"column":15},"end":{"line":184,"column":66}},"90":{"start":{"line":185,"column":6},"end":{"line":185,"column":65}},"91":{"start":{"line":191,"column":0},"end":{"line":201,"column":3}},"92":{"start":{"line":192,"column":35},"end":{"line":192,"column":43}},"93":{"start":{"line":194,"column":32},"end":{"line":194,"column":105}},"94":{"start":{"line":196,"column":4},"end":{"line":199,"column":7}},"95":{"start":{"line":197,"column":6},"end":{"line":197,"column":66}},"96":{"start":{"line":197,"column":15},"end":{"line":197,"column":66}},"97":{"start":{"line":198,"column":6},"end":{"line":198,"column":69}},"98":{"start":{"line":204,"column":0},"end":{"line":216,"column":3}},"99":{"start":{"line":205,"column":18},"end":{"line":205,"column":26}},"100":{"start":{"line":207,"column":24},"end":{"line":207,"column":65}},"101":{"start":{"line":208,"column":4},"end":{"line":214,"column":7}},"102":{"start":{"line":209,"column":6},"end":{"line":209,"column":66}},"103":{"start":{"line":209,"column":15},"end":{"line":209,"column":66}},"104":{"start":{"line":210,"column":19},"end":{"line":210,"column":33}},"105":{"start":{"line":211,"column":6},"end":{"line":213,"column":55}},"106":{"start":{"line":212,"column":8},"end":{"line":212,"column":50}},"107":{"start":{"line":213,"column":11},"end":{"line":213,"column":54}},"108":{"start":{"line":219,"column":0},"end":{"line":250,"column":3}},"109":{"start":{"line":220,"column":17},"end":{"line":220,"column":25}},"110":{"start":{"line":221,"column":16},"end":{"line":221,"column":44}},"111":{"start":{"line":222,"column":2},"end":{"line":249,"column":5}},"112":{"start":{"line":223,"column":4},"end":{"line":223,"column":64}},"113":{"start":{"line":223,"column":13},"end":{"line":223,"column":64}},"114":{"start":{"line":227,"column":17},"end":{"line":227,"column":19}},"115":{"start":{"line":228,"column":26},"end":{"line":228,"column":67}},"116":{"start":{"line":229,"column":4},"end":{"line":248,"column":9}},"117":{"start":{"line":230,"column":6},"end":{"line":230,"column":66}},"118":{"start":{"line":230,"column":15},"end":{"line":230,"column":66}},"119":{"start":{"line":231,"column":6},"end":{"line":231,"column":28}},"120":{"start":{"line":232,"column":6},"end":{"line":247,"column":9}},"121":{"start":{"line":233,"column":8},"end":{"line":235,"column":11}},"122":{"start":{"line":233,"column":20},"end":{"line":233,"column":21}},"123":{"start":{"line":234,"column":12},"end":{"line":234,"column":45}},"124":{"start":{"line":236,"column":10},"end":{"line":236,"column":49}},"125":{"start":{"line":238,"column":38},"end":{"line":238,"column":92}},"126":{"start":{"line":240,"column":10},"end":{"line":245,"column":13}},"127":{"start":{"line":241,"column":12},"end":{"line":243,"column":13}},"128":{"start":{"line":241,"column":24},"end":{"line":241,"column":25}},"129":{"start":{"line":242,"column":14},"end":{"line":242,"column":47}},"130":{"start":{"line":244,"column":12},"end":{"line":244,"column":51}},"131":{"start":{"line":253,"column":0},"end":{"line":266,"column":3}},"132":{"start":{"line":254,"column":19},"end":{"line":254,"column":27}},"133":{"start":{"line":256,"column":22},"end":{"line":256,"column":70}},"134":{"start":{"line":258,"column":2},"end":{"line":265,"column":5}},"135":{"start":{"line":259,"column":4},"end":{"line":259,"column":64}},"136":{"start":{"line":259,"column":13},"end":{"line":259,"column":64}},"137":{"start":{"line":262,"column":21},"end":{"line":262,"column":53}},"138":{"start":{"line":262,"column":40},"end":{"line":262,"column":52}},"139":{"start":{"line":264,"column":4},"end":{"line":264,"column":48}},"140":{"start":{"line":271,"column":0},"end":{"line":281,"column":3}},"141":{"start":{"line":272,"column":29},"end":{"line":272,"column":37}},"142":{"start":{"line":274,"column":16},"end":{"line":274,"column":60}},"143":{"start":{"line":275,"column":2},"end":{"line":280,"column":5}},"144":{"start":{"line":276,"column":4},"end":{"line":276,"column":94}},"145":{"start":{"line":276,"column":13},"end":{"line":276,"column":94}},"146":{"start":{"line":279,"column":4},"end":{"line":279,"column":45}},"147":{"start":{"line":284,"column":0},"end":{"line":294,"column":3}},"148":{"start":{"line":285,"column":19},"end":{"line":285,"column":27}},"149":{"start":{"line":287,"column":24},"end":{"line":287,"column":92}},"150":{"start":{"line":289,"column":2},"end":{"line":293,"column":5}},"151":{"start":{"line":290,"column":4},"end":{"line":290,"column":64}},"152":{"start":{"line":290,"column":13},"end":{"line":290,"column":64}},"153":{"start":{"line":292,"column":4},"end":{"line":292,"column":47}},"154":{"start":{"line":297,"column":0},"end":{"line":307,"column":3}},"155":{"start":{"line":298,"column":19},"end":{"line":298,"column":27}},"156":{"start":{"line":300,"column":24},"end":{"line":300,"column":90}},"157":{"start":{"line":302,"column":2},"end":{"line":306,"column":5}},"158":{"start":{"line":303,"column":4},"end":{"line":303,"column":64}},"159":{"start":{"line":303,"column":13},"end":{"line":303,"column":64}},"160":{"start":{"line":305,"column":4},"end":{"line":305,"column":47}},"161":{"start":{"line":310,"column":0},"end":{"line":320,"column":3}},"162":{"start":{"line":311,"column":19},"end":{"line":311,"column":27}},"163":{"start":{"line":313,"column":24},"end":{"line":313,"column":89}},"164":{"start":{"line":315,"column":2},"end":{"line":319,"column":5}},"165":{"start":{"line":316,"column":4},"end":{"line":316,"column":64}},"166":{"start":{"line":316,"column":13},"end":{"line":316,"column":64}},"167":{"start":{"line":318,"column":4},"end":{"line":318,"column":47}},"168":{"start":{"line":323,"column":0},"end":{"line":333,"column":3}},"169":{"start":{"line":324,"column":19},"end":{"line":324,"column":27}},"170":{"start":{"line":326,"column":24},"end":{"line":326,"column":91}},"171":{"start":{"line":328,"column":2},"end":{"line":332,"column":5}},"172":{"start":{"line":329,"column":4},"end":{"line":329,"column":64}},"173":{"start":{"line":329,"column":13},"end":{"line":329,"column":64}},"174":{"start":{"line":331,"column":4},"end":{"line":331,"column":47}},"175":{"start":{"line":337,"column":0},"end":{"line":356,"column":3}},"176":{"start":{"line":338,"column":63},"end":{"line":338,"column":71}},"177":{"start":{"line":340,"column":2},"end":{"line":352,"column":1}},"178":{"start":{"line":341,"column":16},"end":{"line":341,"column":79}},"179":{"start":{"line":342,"column":2},"end":{"line":345,"column":5}},"180":{"start":{"line":343,"column":4},"end":{"line":343,"column":94}},"181":{"start":{"line":343,"column":13},"end":{"line":343,"column":94}},"182":{"start":{"line":344,"column":4},"end":{"line":344,"column":45}},"183":{"start":{"line":346,"column":7},"end":{"line":352,"column":1}},"184":{"start":{"line":347,"column":16},"end":{"line":347,"column":128}},"185":{"start":{"line":348,"column":2},"end":{"line":351,"column":5}},"186":{"start":{"line":349,"column":4},"end":{"line":349,"column":94}},"187":{"start":{"line":349,"column":13},"end":{"line":349,"column":94}},"188":{"start":{"line":350,"column":4},"end":{"line":350,"column":45}},"189":{"start":{"line":359,"column":0},"end":{"line":370,"column":3}},"190":{"start":{"line":360,"column":14},"end":{"line":360,"column":56}},"191":{"start":{"line":361,"column":2},"end":{"line":369,"column":5}},"192":{"start":{"line":363,"column":4},"end":{"line":363,"column":72}},"193":{"start":{"line":363,"column":13},"end":{"line":363,"column":72}},"194":{"start":{"line":366,"column":4},"end":{"line":366,"column":50}},"195":{"start":{"line":368,"column":4},"end":{"line":368,"column":45}},"196":{"start":{"line":375,"column":0},"end":{"line":396,"column":3}},"197":{"start":{"line":376,"column":78},"end":{"line":376,"column":86}},"198":{"start":{"line":378,"column":16},"end":{"line":378,"column":134}},"199":{"start":{"line":379,"column":2},"end":{"line":395,"column":5}},"200":{"start":{"line":380,"column":4},"end":{"line":380,"column":94}},"201":{"start":{"line":380,"column":13},"end":{"line":380,"column":94}},"202":{"start":{"line":384,"column":4},"end":{"line":391,"column":7}},"203":{"start":{"line":394,"column":4},"end":{"line":394,"column":52}},"204":{"start":{"line":399,"column":0},"end":{"line":414,"column":3}},"205":{"start":{"line":400,"column":33},"end":{"line":400,"column":41}},"206":{"start":{"line":402,"column":16},"end":{"line":402,"column":66}},"207":{"start":{"line":403,"column":2},"end":{"line":413,"column":5}},"208":{"start":{"line":405,"column":4},"end":{"line":405,"column":108}},"209":{"start":{"line":405,"column":13},"end":{"line":405,"column":108}},"210":{"start":{"line":408,"column":4},"end":{"line":408,"column":105}},"211":{"start":{"line":408,"column":36},"end":{"line":408,"column":105}},"212":{"start":{"line":412,"column":4},"end":{"line":412,"column":70}},"213":{"start":{"line":419,"column":0},"end":{"line":438,"column":3}},"214":{"start":{"line":421,"column":18},"end":{"line":421,"column":24}},"215":{"start":{"line":422,"column":16},"end":{"line":422,"column":21}},"216":{"start":{"line":423,"column":18},"end":{"line":423,"column":24}},"217":{"start":{"line":424,"column":19},"end":{"line":424,"column":26}},"218":{"start":{"line":426,"column":16},"end":{"line":426,"column":99}},"219":{"start":{"line":427,"column":2},"end":{"line":428,"column":5}},"220":{"start":{"line":430,"column":2},"end":{"line":437,"column":3}},"221":{"start":{"line":431,"column":19},"end":{"line":431,"column":93}},"222":{"start":{"line":432,"column":2},"end":{"line":434,"column":5}},"223":{"start":{"line":433,"column":4},"end":{"line":433,"column":55}},"224":{"start":{"line":436,"column":4},"end":{"line":436,"column":53}},"225":{"start":{"line":441,"column":0},"end":{"line":454,"column":3}},"226":{"start":{"line":443,"column":18},"end":{"line":443,"column":23}},"227":{"start":{"line":444,"column":16},"end":{"line":444,"column":33}},"228":{"start":{"line":445,"column":18},"end":{"line":445,"column":24}},"229":{"start":{"line":447,"column":15},"end":{"line":447,"column":24}},"230":{"start":{"line":449,"column":16},"end":{"line":449,"column":97}},"231":{"start":{"line":450,"column":2},"end":{"line":452,"column":5}},"232":{"start":{"line":451,"column":4},"end":{"line":451,"column":51}},"233":{"start":{"line":459,"column":0},"end":{"line":472,"column":3}},"234":{"start":{"line":460,"column":23},"end":{"line":460,"column":31}},"235":{"start":{"line":462,"column":16},"end":{"line":462,"column":55}},"236":{"start":{"line":463,"column":2},"end":{"line":471,"column":5}},"237":{"start":{"line":464,"column":4},"end":{"line":464,"column":108}},"238":{"start":{"line":464,"column":13},"end":{"line":464,"column":108}},"239":{"start":{"line":466,"column":4},"end":{"line":466,"column":105}},"240":{"start":{"line":466,"column":36},"end":{"line":466,"column":105}},"241":{"start":{"line":470,"column":4},"end":{"line":470,"column":66}},"242":{"start":{"line":476,"column":0},"end":{"line":476,"column":21}},"243":{"start":{"line":478,"column":0},"end":{"line":482,"column":1}},"244":{"start":{"line":479,"column":15},"end":{"line":479,"column":39}},"245":{"start":{"line":481,"column":2},"end":{"line":481,"column":76}},"246":{"start":{"line":481,"column":28},"end":{"line":481,"column":74}}},"fnMap":{"0":{"name":"(anonymous_0)","decl":{"start":{"line":35,"column":11},"end":{"line":35,"column":12}},"loc":{"start":{"line":35,"column":18},"end":{"line":38,"column":1}},"line":35},"1":{"name":"(anonymous_1)","decl":{"start":{"line":42,"column":20},"end":{"line":42,"column":21}},"loc":{"start":{"line":42,"column":32},"end":{"line":70,"column":1}},"line":42},"2":{"name":"(anonymous_2)","decl":{"start":{"line":46,"column":27},"end":{"line":46,"column":28}},"loc":{"start":{"line":46,"column":37},"end":{"line":65,"column":3}},"line":46},"3":{"name":"(anonymous_3)","decl":{"start":{"line":50,"column":85},"end":{"line":50,"column":86}},"loc":{"start":{"line":50,"column":103},"end":{"line":64,"column":5}},"line":50},"4":{"name":"(anonymous_4)","decl":{"start":{"line":67,"column":26},"end":{"line":67,"column":27}},"loc":{"start":{"line":67,"column":32},"end":{"line":69,"column":3}},"line":67},"5":{"name":"(anonymous_5)","decl":{"start":{"line":76,"column":22},"end":{"line":76,"column":23}},"loc":{"start":{"line":76,"column":36},"end":{"line":102,"column":1}},"line":76},"6":{"name":"(anonymous_6)","decl":{"start":{"line":81,"column":37},"end":{"line":81,"column":38}},"loc":{"start":{"line":81,"column":55},"end":{"line":101,"column":3}},"line":81},"7":{"name":"(anonymous_7)","decl":{"start":{"line":91,"column":60},"end":{"line":91,"column":61}},"loc":{"start":{"line":91,"column":77},"end":{"line":93,"column":5}},"line":91},"8":{"name":"(anonymous_8)","decl":{"start":{"line":97,"column":43},"end":{"line":97,"column":44}},"loc":{"start":{"line":97,"column":60},"end":{"line":99,"column":5}},"line":97},"9":{"name":"(anonymous_9)","decl":{"start":{"line":105,"column":19},"end":{"line":105,"column":20}},"loc":{"start":{"line":105,"column":33},"end":{"line":118,"column":1}},"line":105},"10":{"name":"(anonymous_10)","decl":{"start":{"line":109,"column":38},"end":{"line":109,"column":39}},"loc":{"start":{"line":109,"column":56},"end":{"line":117,"column":3}},"line":109},"11":{"name":"(anonymous_11)","decl":{"start":{"line":122,"column":27},"end":{"line":122,"column":28}},"loc":{"start":{"line":122,"column":41},"end":{"line":147,"column":1}},"line":122},"12":{"name":"(anonymous_12)","decl":{"start":{"line":129,"column":43},"end":{"line":129,"column":44}},"loc":{"start":{"line":129,"column":61},"end":{"line":146,"column":3}},"line":129},"13":{"name":"(anonymous_13)","decl":{"start":{"line":140,"column":64},"end":{"line":140,"column":65}},"loc":{"start":{"line":140,"column":81},"end":{"line":143,"column":5}},"line":140},"14":{"name":"(anonymous_14)","decl":{"start":{"line":151,"column":27},"end":{"line":151,"column":28}},"loc":{"start":{"line":151,"column":41},"end":{"line":164,"column":1}},"line":151},"15":{"name":"(anonymous_15)","decl":{"start":{"line":155,"column":48},"end":{"line":155,"column":49}},"loc":{"start":{"line":155,"column":65},"end":{"line":157,"column":5}},"line":155},"16":{"name":"(anonymous_16)","decl":{"start":{"line":159,"column":44},"end":{"line":159,"column":45}},"loc":{"start":{"line":159,"column":61},"end":{"line":161,"column":5}},"line":159},"17":{"name":"(anonymous_17)","decl":{"start":{"line":167,"column":25},"end":{"line":167,"column":26}},"loc":{"start":{"line":167,"column":39},"end":{"line":188,"column":1}},"line":167},"18":{"name":"(anonymous_18)","decl":{"start":{"line":172,"column":53},"end":{"line":172,"column":54}},"loc":{"start":{"line":172,"column":71},"end":{"line":187,"column":3}},"line":172},"19":{"name":"(anonymous_19)","decl":{"start":{"line":183,"column":59},"end":{"line":183,"column":60}},"loc":{"start":{"line":183,"column":76},"end":{"line":186,"column":5}},"line":183},"20":{"name":"(anonymous_20)","decl":{"start":{"line":191,"column":25},"end":{"line":191,"column":26}},"loc":{"start":{"line":191,"column":39},"end":{"line":201,"column":1}},"line":191},"21":{"name":"(anonymous_21)","decl":{"start":{"line":196,"column":61},"end":{"line":196,"column":62}},"loc":{"start":{"line":196,"column":78},"end":{"line":199,"column":5}},"line":196},"22":{"name":"(anonymous_22)","decl":{"start":{"line":204,"column":24},"end":{"line":204,"column":25}},"loc":{"start":{"line":204,"column":38},"end":{"line":216,"column":1}},"line":204},"23":{"name":"(anonymous_23)","decl":{"start":{"line":208,"column":36},"end":{"line":208,"column":37}},"loc":{"start":{"line":208,"column":53},"end":{"line":214,"column":5}},"line":208},"24":{"name":"(anonymous_24)","decl":{"start":{"line":219,"column":25},"end":{"line":219,"column":26}},"loc":{"start":{"line":219,"column":39},"end":{"line":250,"column":1}},"line":219},"25":{"name":"(anonymous_25)","decl":{"start":{"line":222,"column":22},"end":{"line":222,"column":23}},"loc":{"start":{"line":222,"column":40},"end":{"line":249,"column":3}},"line":222},"26":{"name":"(anonymous_26)","decl":{"start":{"line":229,"column":36},"end":{"line":229,"column":37}},"loc":{"start":{"line":229,"column":53},"end":{"line":248,"column":7}},"line":229},"27":{"name":"(anonymous_27)","decl":{"start":{"line":240,"column":48},"end":{"line":240,"column":49}},"loc":{"start":{"line":240,"column":66},"end":{"line":245,"column":11}},"line":240},"28":{"name":"(anonymous_28)","decl":{"start":{"line":253,"column":31},"end":{"line":253,"column":32}},"loc":{"start":{"line":253,"column":45},"end":{"line":266,"column":1}},"line":253},"29":{"name":"(anonymous_29)","decl":{"start":{"line":258,"column":32},"end":{"line":258,"column":33}},"loc":{"start":{"line":258,"column":50},"end":{"line":265,"column":3}},"line":258},"30":{"name":"(anonymous_30)","decl":{"start":{"line":262,"column":33},"end":{"line":262,"column":34}},"loc":{"start":{"line":262,"column":40},"end":{"line":262,"column":52}},"line":262},"31":{"name":"(anonymous_31)","decl":{"start":{"line":271,"column":26},"end":{"line":271,"column":27}},"loc":{"start":{"line":271,"column":40},"end":{"line":281,"column":1}},"line":271},"32":{"name":"(anonymous_32)","decl":{"start":{"line":275,"column":36},"end":{"line":275,"column":37}},"loc":{"start":{"line":275,"column":54},"end":{"line":280,"column":3}},"line":275},"33":{"name":"(anonymous_33)","decl":{"start":{"line":284,"column":29},"end":{"line":284,"column":30}},"loc":{"start":{"line":284,"column":43},"end":{"line":294,"column":1}},"line":284},"34":{"name":"(anonymous_34)","decl":{"start":{"line":289,"column":34},"end":{"line":289,"column":35}},"loc":{"start":{"line":289,"column":52},"end":{"line":293,"column":3}},"line":289},"35":{"name":"(anonymous_35)","decl":{"start":{"line":297,"column":33},"end":{"line":297,"column":34}},"loc":{"start":{"line":297,"column":47},"end":{"line":307,"column":1}},"line":297},"36":{"name":"(anonymous_36)","decl":{"start":{"line":302,"column":34},"end":{"line":302,"column":35}},"loc":{"start":{"line":302,"column":52},"end":{"line":306,"column":3}},"line":302},"37":{"name":"(anonymous_37)","decl":{"start":{"line":310,"column":28},"end":{"line":310,"column":29}},"loc":{"start":{"line":310,"column":42},"end":{"line":320,"column":1}},"line":310},"38":{"name":"(anonymous_38)","decl":{"start":{"line":315,"column":34},"end":{"line":315,"column":35}},"loc":{"start":{"line":315,"column":52},"end":{"line":319,"column":3}},"line":315},"39":{"name":"(anonymous_39)","decl":{"start":{"line":323,"column":32},"end":{"line":323,"column":33}},"loc":{"start":{"line":323,"column":46},"end":{"line":333,"column":1}},"line":323},"40":{"name":"(anonymous_40)","decl":{"start":{"line":328,"column":34},"end":{"line":328,"column":35}},"loc":{"start":{"line":328,"column":52},"end":{"line":332,"column":3}},"line":328},"41":{"name":"(anonymous_41)","decl":{"start":{"line":337,"column":26},"end":{"line":337,"column":27}},"loc":{"start":{"line":337,"column":40},"end":{"line":356,"column":1}},"line":337},"42":{"name":"(anonymous_42)","decl":{"start":{"line":342,"column":56},"end":{"line":342,"column":57}},"loc":{"start":{"line":342,"column":74},"end":{"line":345,"column":3}},"line":342},"43":{"name":"(anonymous_43)","decl":{"start":{"line":348,"column":100},"end":{"line":348,"column":101}},"loc":{"start":{"line":348,"column":118},"end":{"line":351,"column":3}},"line":348},"44":{"name":"(anonymous_44)","decl":{"start":{"line":359,"column":27},"end":{"line":359,"column":28}},"loc":{"start":{"line":359,"column":41},"end":{"line":370,"column":1}},"line":359},"45":{"name":"(anonymous_45)","decl":{"start":{"line":361,"column":31},"end":{"line":361,"column":32}},"loc":{"start":{"line":361,"column":48},"end":{"line":369,"column":3}},"line":361},"46":{"name":"(anonymous_46)","decl":{"start":{"line":375,"column":25},"end":{"line":375,"column":26}},"loc":{"start":{"line":375,"column":39},"end":{"line":396,"column":1}},"line":375},"47":{"name":"(anonymous_47)","decl":{"start":{"line":379,"column":85},"end":{"line":379,"column":86}},"loc":{"start":{"line":379,"column":103},"end":{"line":395,"column":3}},"line":379},"48":{"name":"(anonymous_48)","decl":{"start":{"line":399,"column":28},"end":{"line":399,"column":29}},"loc":{"start":{"line":399,"column":42},"end":{"line":414,"column":1}},"line":399},"49":{"name":"(anonymous_49)","decl":{"start":{"line":403,"column":40},"end":{"line":403,"column":41}},"loc":{"start":{"line":403,"column":58},"end":{"line":413,"column":3}},"line":403},"50":{"name":"(anonymous_50)","decl":{"start":{"line":419,"column":27},"end":{"line":419,"column":28}},"loc":{"start":{"line":419,"column":41},"end":{"line":438,"column":1}},"line":419},"51":{"name":"(anonymous_51)","decl":{"start":{"line":427,"column":45},"end":{"line":427,"column":46}},"loc":{"start":{"line":427,"column":63},"end":{"line":428,"column":3}},"line":427},"52":{"name":"(anonymous_52)","decl":{"start":{"line":432,"column":39},"end":{"line":432,"column":40}},"loc":{"start":{"line":432,"column":57},"end":{"line":434,"column":3}},"line":432},"53":{"name":"(anonymous_53)","decl":{"start":{"line":441,"column":24},"end":{"line":441,"column":25}},"loc":{"start":{"line":441,"column":38},"end":{"line":454,"column":1}},"line":441},"54":{"name":"(anonymous_54)","decl":{"start":{"line":450,"column":51},"end":{"line":450,"column":52}},"loc":{"start":{"line":450,"column":69},"end":{"line":452,"column":3}},"line":450},"55":{"name":"(anonymous_55)","decl":{"start":{"line":459,"column":24},"end":{"line":459,"column":25}},"loc":{"start":{"line":459,"column":38},"end":{"line":472,"column":1}},"line":459},"56":{"name":"(anonymous_56)","decl":{"start":{"line":463,"column":30},"end":{"line":463,"column":31}},"loc":{"start":{"line":463,"column":48},"end":{"line":471,"column":3}},"line":463},"57":{"name":"(anonymous_57)","decl":{"start":{"line":481,"column":22},"end":{"line":481,"column":23}},"loc":{"start":{"line":481,"column":28},"end":{"line":481,"column":74}},"line":481}},"branchMap":{"0":{"loc":{"start":{"line":36,"column":2},"end":{"line":36,"column":21}},"type":"if","locations":[{"start":{"line":36,"column":2},"end":{"line":36,"column":21}},{"start":{},"end":{}}],"line":36},"1":{"loc":{"start":{"line":51,"column":6},"end":{"line":54,"column":7}},"type":"if","locations":[{"start":{"line":51,"column":6},"end":{"line":54,"column":7}},{"start":{},"end":{}}],"line":51},"2":{"loc":{"start":{"line":83,"column":4},"end":{"line":83,"column":64}},"type":"if","locations":[{"start":{"line":83,"column":4},"end":{"line":83,"column":64}},{"start":{},"end":{}}],"line":83},"3":{"loc":{"start":{"line":85,"column":4},"end":{"line":87,"column":5}},"type":"if","locations":[{"start":{"line":85,"column":4},"end":{"line":87,"column":5}},{"start":{},"end":{}}],"line":85},"4":{"loc":{"start":{"line":92,"column":6},"end":{"line":92,"column":66}},"type":"if","locations":[{"start":{"line":92,"column":6},"end":{"line":92,"column":66}},{"start":{},"end":{}}],"line":92},"5":{"loc":{"start":{"line":98,"column":6},"end":{"line":98,"column":66}},"type":"if","locations":[{"start":{"line":98,"column":6},"end":{"line":98,"column":66}},{"start":{},"end":{}}],"line":98},"6":{"loc":{"start":{"line":110,"column":4},"end":{"line":110,"column":64}},"type":"if","locations":[{"start":{"line":110,"column":4},"end":{"line":110,"column":64}},{"start":{},"end":{}}],"line":110},"7":{"loc":{"start":{"line":112,"column":4},"end":{"line":114,"column":5}},"type":"if","locations":[{"start":{"line":112,"column":4},"end":{"line":114,"column":5}},{"start":{},"end":{}}],"line":112},"8":{"loc":{"start":{"line":131,"column":4},"end":{"line":131,"column":64}},"type":"if","locations":[{"start":{"line":131,"column":4},"end":{"line":131,"column":64}},{"start":{},"end":{}}],"line":131},"9":{"loc":{"start":{"line":133,"column":4},"end":{"line":135,"column":5}},"type":"if","locations":[{"start":{"line":133,"column":4},"end":{"line":135,"column":5}},{"start":{},"end":{}}],"line":133},"10":{"loc":{"start":{"line":142,"column":6},"end":{"line":142,"column":66}},"type":"if","locations":[{"start":{"line":142,"column":6},"end":{"line":142,"column":66}},{"start":{},"end":{}}],"line":142},"11":{"loc":{"start":{"line":156,"column":6},"end":{"line":156,"column":66}},"type":"if","locations":[{"start":{"line":156,"column":6},"end":{"line":156,"column":66}},{"start":{},"end":{}}],"line":156},"12":{"loc":{"start":{"line":160,"column":6},"end":{"line":160,"column":66}},"type":"if","locations":[{"start":{"line":160,"column":6},"end":{"line":160,"column":66}},{"start":{},"end":{}}],"line":160},"13":{"loc":{"start":{"line":174,"column":4},"end":{"line":174,"column":64}},"type":"if","locations":[{"start":{"line":174,"column":4},"end":{"line":174,"column":64}},{"start":{},"end":{}}],"line":174},"14":{"loc":{"start":{"line":176,"column":4},"end":{"line":178,"column":5}},"type":"if","locations":[{"start":{"line":176,"column":4},"end":{"line":178,"column":5}},{"start":{},"end":{}}],"line":176},"15":{"loc":{"start":{"line":184,"column":6},"end":{"line":184,"column":66}},"type":"if","locations":[{"start":{"line":184,"column":6},"end":{"line":184,"column":66}},{"start":{},"end":{}}],"line":184},"16":{"loc":{"start":{"line":197,"column":6},"end":{"line":197,"column":66}},"type":"if","locations":[{"start":{"line":197,"column":6},"end":{"line":197,"column":66}},{"start":{},"end":{}}],"line":197},"17":{"loc":{"start":{"line":209,"column":6},"end":{"line":209,"column":66}},"type":"if","locations":[{"start":{"line":209,"column":6},"end":{"line":209,"column":66}},{"start":{},"end":{}}],"line":209},"18":{"loc":{"start":{"line":211,"column":6},"end":{"line":213,"column":55}},"type":"if","locations":[{"start":{"line":211,"column":6},"end":{"line":213,"column":55}},{"start":{"line":213,"column":10},"end":{"line":213,"column":55}}],"line":211},"19":{"loc":{"start":{"line":223,"column":4},"end":{"line":223,"column":64}},"type":"if","locations":[{"start":{"line":223,"column":4},"end":{"line":223,"column":64}},{"start":{},"end":{}}],"line":223},"20":{"loc":{"start":{"line":230,"column":6},"end":{"line":230,"column":66}},"type":"if","locations":[{"start":{"line":230,"column":6},"end":{"line":230,"column":66}},{"start":{},"end":{}}],"line":230},"21":{"loc":{"start":{"line":232,"column":6},"end":{"line":247,"column":9}},"type":"if","locations":[{"start":{"line":232,"column":6},"end":{"line":247,"column":9}},{"start":{"line":237,"column":15},"end":{"line":247,"column":9}}],"line":232},"22":{"loc":{"start":{"line":259,"column":4},"end":{"line":259,"column":64}},"type":"if","locations":[{"start":{"line":259,"column":4},"end":{"line":259,"column":64}},{"start":{},"end":{}}],"line":259},"23":{"loc":{"start":{"line":276,"column":4},"end":{"line":276,"column":94}},"type":"if","locations":[{"start":{"line":276,"column":4},"end":{"line":276,"column":94}},{"start":{},"end":{}}],"line":276},"24":{"loc":{"start":{"line":290,"column":4},"end":{"line":290,"column":64}},"type":"if","locations":[{"start":{"line":290,"column":4},"end":{"line":290,"column":64}},{"start":{},"end":{}}],"line":290},"25":{"loc":{"start":{"line":303,"column":4},"end":{"line":303,"column":64}},"type":"if","locations":[{"start":{"line":303,"column":4},"end":{"line":303,"column":64}},{"start":{},"end":{}}],"line":303},"26":{"loc":{"start":{"line":316,"column":4},"end":{"line":316,"column":64}},"type":"if","locations":[{"start":{"line":316,"column":4},"end":{"line":316,"column":64}},{"start":{},"end":{}}],"line":316},"27":{"loc":{"start":{"line":329,"column":4},"end":{"line":329,"column":64}},"type":"if","locations":[{"start":{"line":329,"column":4},"end":{"line":329,"column":64}},{"start":{},"end":{}}],"line":329},"28":{"loc":{"start":{"line":340,"column":2},"end":{"line":352,"column":1}},"type":"if","locations":[{"start":{"line":340,"column":2},"end":{"line":352,"column":1}},{"start":{"line":346,"column":7},"end":{"line":352,"column":1}}],"line":340},"29":{"loc":{"start":{"line":343,"column":4},"end":{"line":343,"column":94}},"type":"if","locations":[{"start":{"line":343,"column":4},"end":{"line":343,"column":94}},{"start":{},"end":{}}],"line":343},"30":{"loc":{"start":{"line":346,"column":7},"end":{"line":352,"column":1}},"type":"if","locations":[{"start":{"line":346,"column":7},"end":{"line":352,"column":1}},{"start":{},"end":{}}],"line":346},"31":{"loc":{"start":{"line":349,"column":4},"end":{"line":349,"column":94}},"type":"if","locations":[{"start":{"line":349,"column":4},"end":{"line":349,"column":94}},{"start":{},"end":{}}],"line":349},"32":{"loc":{"start":{"line":363,"column":4},"end":{"line":363,"column":72}},"type":"if","locations":[{"start":{"line":363,"column":4},"end":{"line":363,"column":72}},{"start":{},"end":{}}],"line":363},"33":{"loc":{"start":{"line":380,"column":4},"end":{"line":380,"column":94}},"type":"if","locations":[{"start":{"line":380,"column":4},"end":{"line":380,"column":94}},{"start":{},"end":{}}],"line":380},"34":{"loc":{"start":{"line":405,"column":4},"end":{"line":405,"column":108}},"type":"if","locations":[{"start":{"line":405,"column":4},"end":{"line":405,"column":108}},{"start":{},"end":{}}],"line":405},"35":{"loc":{"start":{"line":408,"column":4},"end":{"line":408,"column":105}},"type":"if","locations":[{"start":{"line":408,"column":4},"end":{"line":408,"column":105}},{"start":{},"end":{}}],"line":408},"36":{"loc":{"start":{"line":430,"column":2},"end":{"line":437,"column":3}},"type":"if","locations":[{"start":{"line":430,"column":2},"end":{"line":437,"column":3}},{"start":{"line":435,"column":9},"end":{"line":437,"column":3}}],"line":430},"37":{"loc":{"start":{"line":464,"column":4},"end":{"line":464,"column":108}},"type":"if","locations":[{"start":{"line":464,"column":4},"end":{"line":464,"column":108}},{"start":{},"end":{}}],"line":464},"38":{"loc":{"start":{"line":466,"column":4},"end":{"line":466,"column":105}},"type":"if","locations":[{"start":{"line":466,"column":4},"end":{"line":466,"column":105}},{"start":{},"end":{}}],"line":466},"39":{"loc":{"start":{"line":478,"column":0},"end":{"line":482,"column":1}},"type":"if","locations":[{"start":{"line":478,"column":0},"end":{"line":482,"column":1}},{"start":{},"end":{}}],"line":478},"40":{"loc":{"start":{"line":479,"column":15},"end":{"line":479,"column":39}},"type":"binary-expr","locations":[{"start":{"line":479,"column":15},"end":{"line":479,"column":31}},{"start":{"line":479,"column":35},"end":{"line":479,"column":39}}],"line":479}},"s":{"0":4,"1":4,"2":4,"3":4,"4":4,"5":4,"6":4,"7":4,"8":4,"9":4,"10":4,"11":4,"12":4,"13":4,"14":0,"15":4,"16":4,"17":0,"18":0,"19":0,"20":0,"21":0,"22":0,"23":0,"24":0,"25":0,"26":0,"27":0,"28":4,"29":9,"30":9,"31":9,"32":9,"33":0,"34":9,"35":8,"36":1,"37":1,"38":1,"39":0,"40":1,"41":1,"42":1,"43":0,"44":1,"45":4,"46":1,"47":1,"48":1,"49":1,"50":0,"51":1,"52":1,"53":0,"54":4,"55":1,"56":1,"57":1,"58":1,"59":0,"60":1,"61":0,"62":1,"63":1,"64":0,"65":0,"66":1,"67":4,"68":1,"69":1,"70":1,"71":0,"72":0,"73":1,"74":1,"75":0,"76":0,"77":1,"78":4,"79":2,"80":2,"81":2,"82":2,"83":0,"84":2,"85":0,"86":2,"87":2,"88":2,"89":0,"90":2,"91":4,"92":1,"93":1,"94":1,"95":1,"96":0,"97":1,"98":4,"99":2,"100":2,"101":2,"102":2,"103":0,"104":2,"105":2,"106":1,"107":1,"108":4,"109":2,"110":2,"111":2,"112":2,"113":0,"114":2,"115":2,"116":2,"117":2,"118":0,"119":2,"120":2,"121":0,"122":0,"123":0,"124":0,"125":2,"126":2,"127":2,"128":2,"129":44,"130":2,"131":4,"132":1,"133":1,"134":1,"135":1,"136":0,"137":1,"138":0,"139":1,"140":4,"141":0,"142":0,"143":0,"144":0,"145":0,"146":0,"147":4,"148":0,"149":0,"150":0,"151":0,"152":0,"153":0,"154":4,"155":0,"156":0,"157":0,"158":0,"159":0,"160":0,"161":4,"162":0,"163":0,"164":0,"165":0,"166":0,"167":0,"168":4,"169":0,"170":0,"171":0,"172":0,"173":0,"174":0,"175":4,"176":0,"177":0,"178":0,"179":0,"180":0,"181":0,"182":0,"183":0,"184":0,"185":0,"186":0,"187":0,"188":0,"189":4,"190":0,"191":0,"192":0,"193":0,"194":0,"195":0,"196":4,"197":1,"198":1,"199":1,"200":1,"201":0,"202":1,"203":1,"204":4,"205":1,"206":1,"207":1,"208":1,"209":0,"210":1,"211":0,"212":1,"213":4,"214":0,"215":0,"216":0,"217":0,"218":0,"219":0,"220":0,"221":0,"222":0,"223":0,"224":0,"225":4,"226":0,"227":0,"228":0,"229":0,"230":0,"231":0,"232":0,"233":4,"234":1,"235":1,"236":1,"237":1,"238":0,"239":1,"240":0,"241":1,"242":4,"243":4,"244":0,"245":0,"246":0},"f":{"0":4,"1":0,"2":0,"3":0,"4":0,"5":9,"6":9,"7":1,"8":1,"9":1,"10":1,"11":1,"12":1,"13":0,"14":1,"15":0,"16":0,"17":2,"18":2,"19":2,"20":1,"21":1,"22":2,"23":2,"24":2,"25":2,"26":2,"27":2,"28":1,"29":1,"30":0,"31":0,"32":0,"33":0,"34":0,"35":0,"36":0,"37":0,"38":0,"39":0,"40":0,"41":0,"42":0,"43":0,"44":0,"45":0,"46":1,"47":1,"48":1,"49":1,"50":0,"51":0,"52":0,"53":0,"54":0,"55":1,"56":1,"57":0},"b":{"0":[0,4],"1":[0,0],"2":[0,9],"3":[8,1],"4":[0,1],"5":[0,1],"6":[0,1],"7":[1,0],"8":[0,1],"9":[0,1],"10":[0,0],"11":[0,0],"12":[0,0],"13":[0,2],"14":[0,2],"15":[0,2],"16":[0,1],"17":[0,2],"18":[1,1],"19":[0,2],"20":[0,2],"21":[0,2],"22":[0,1],"23":[0,0],"24":[0,0],"25":[0,0],"26":[0,0],"27":[0,0],"28":[0,0],"29":[0,0],"30":[0,0],"31":[0,0],"32":[0,0],"33":[0,1],"34":[0,1],"35":[0,1],"36":[0,0],"37":[0,1],"38":[0,1],"39":[0,4],"40":[0,0]},"_coverageSchema":"1a1c01bbd47fc00a2c39e90264f33305004495a9","hash":"5f0cb59307d8535ddbe8d0134093418794a074d0"}
}
