{"C:\\Users\\zcohe\\Documents\\290\\engr290\\ChatHaven\\App\\backend\\server.js": {"path":"C:\\Users\\zcohe\\Documents\\290\\engr290\\ChatHaven\\App\\backend\\server.js","statementMap":{"0":{"start":{"line":1,"column":16},"end":{"line":1,"column":34}},"1":{"start":{"line":2,"column":14},"end":{"line":2,"column":31}},"2":{"start":{"line":3,"column":13},"end":{"line":3,"column":28}},"3":{"start":{"line":5,"column":13},"end":{"line":5,"column":28}},"4":{"start":{"line":6,"column":19},"end":{"line":6,"column":39}},"5":{"start":{"line":9,"column":13},"end":{"line":9,"column":17}},"6":{"start":{"line":11,"column":12},"end":{"line":11,"column":21}},"7":{"start":{"line":12,"column":0},"end":{"line":12,"column":24}},"8":{"start":{"line":13,"column":0},"end":{"line":13,"column":16}},"9":{"start":{"line":17,"column":15},"end":{"line":17,"column":37}},"10":{"start":{"line":18,"column":11},"end":{"line":22,"column":2}},"11":{"start":{"line":26,"column":11},"end":{"line":34,"column":2}},"12":{"start":{"line":36,"column":0},"end":{"line":39,"column":3}},"13":{"start":{"line":37,"column":2},"end":{"line":37,"column":21}},"14":{"start":{"line":37,"column":11},"end":{"line":37,"column":21}},"15":{"start":{"line":38,"column":2},"end":{"line":38,"column":27}},"16":{"start":{"line":43,"column":0},"end":{"line":129,"column":3}},"17":{"start":{"line":44,"column":2},"end":{"line":44,"column":46}},"18":{"start":{"line":47,"column":2},"end":{"line":60,"column":5}},"19":{"start":{"line":48,"column":4},"end":{"line":59,"column":5}},"20":{"start":{"line":49,"column":18},"end":{"line":49,"column":102}},"21":{"start":{"line":50,"column":6},"end":{"line":58,"column":9}},"22":{"start":{"line":51,"column":8},"end":{"line":57,"column":9}},"23":{"start":{"line":52,"column":10},"end":{"line":52,"column":65}},"24":{"start":{"line":56,"column":10},"end":{"line":56,"column":70}},"25":{"start":{"line":63,"column":2},"end":{"line":89,"column":5}},"26":{"start":{"line":64,"column":97},"end":{"line":64,"column":101}},"27":{"start":{"line":65,"column":16},"end":{"line":65,"column":155}},"28":{"start":{"line":67,"column":4},"end":{"line":88,"column":7}},"29":{"start":{"line":74,"column":6},"end":{"line":77,"column":7}},"30":{"start":{"line":75,"column":8},"end":{"line":75,"column":46}},"31":{"start":{"line":76,"column":8},"end":{"line":76,"column":15}},"32":{"start":{"line":79,"column":6},"end":{"line":87,"column":9}},"33":{"start":{"line":92,"column":2},"end":{"line":110,"column":5}},"34":{"start":{"line":93,"column":4},"end":{"line":93,"column":51}},"35":{"start":{"line":96,"column":21},"end":{"line":96,"column":36}},"36":{"start":{"line":98,"column":4},"end":{"line":109,"column":5}},"37":{"start":{"line":99,"column":18},"end":{"line":99,"column":103}},"38":{"start":{"line":100,"column":6},"end":{"line":108,"column":9}},"39":{"start":{"line":101,"column":8},"end":{"line":107,"column":9}},"40":{"start":{"line":102,"column":10},"end":{"line":102,"column":66}},"41":{"start":{"line":106,"column":10},"end":{"line":106,"column":71}},"42":{"start":{"line":113,"column":2},"end":{"line":128,"column":5}},"43":{"start":{"line":114,"column":33},"end":{"line":114,"column":37}},"44":{"start":{"line":116,"column":4},"end":{"line":127,"column":5}},"45":{"start":{"line":117,"column":18},"end":{"line":117,"column":95}},"46":{"start":{"line":118,"column":6},"end":{"line":126,"column":9}},"47":{"start":{"line":119,"column":8},"end":{"line":125,"column":9}},"48":{"start":{"line":120,"column":10},"end":{"line":120,"column":55}},"49":{"start":{"line":124,"column":10},"end":{"line":124,"column":60}},"50":{"start":{"line":135,"column":0},"end":{"line":156,"column":3}},"51":{"start":{"line":136,"column":33},"end":{"line":136,"column":41}},"52":{"start":{"line":139,"column":23},"end":{"line":139,"column":63}},"53":{"start":{"line":140,"column":2},"end":{"line":155,"column":5}},"54":{"start":{"line":142,"column":4},"end":{"line":142,"column":64}},"55":{"start":{"line":142,"column":13},"end":{"line":142,"column":64}},"56":{"start":{"line":144,"column":4},"end":{"line":146,"column":5}},"57":{"start":{"line":145,"column":6},"end":{"line":145,"column":74}},"58":{"start":{"line":149,"column":26},"end":{"line":149,"column":89}},"59":{"start":{"line":150,"column":4},"end":{"line":152,"column":7}},"60":{"start":{"line":151,"column":6},"end":{"line":151,"column":66}},"61":{"start":{"line":151,"column":15},"end":{"line":151,"column":66}},"62":{"start":{"line":154,"column":4},"end":{"line":154,"column":57}},"63":{"start":{"line":159,"column":0},"end":{"line":172,"column":3}},"64":{"start":{"line":160,"column":33},"end":{"line":160,"column":41}},"65":{"start":{"line":162,"column":14},"end":{"line":162,"column":88}},"66":{"start":{"line":163,"column":2},"end":{"line":171,"column":5}},"67":{"start":{"line":164,"column":4},"end":{"line":164,"column":64}},"68":{"start":{"line":164,"column":13},"end":{"line":164,"column":64}},"69":{"start":{"line":166,"column":4},"end":{"line":168,"column":5}},"70":{"start":{"line":167,"column":6},"end":{"line":167,"column":67}},"71":{"start":{"line":170,"column":4},"end":{"line":170,"column":70}},"72":{"start":{"line":176,"column":0},"end":{"line":228,"column":3}},"73":{"start":{"line":178,"column":39},"end":{"line":178,"column":47}},"74":{"start":{"line":182,"column":26},"end":{"line":182,"column":77}},"75":{"start":{"line":183,"column":2},"end":{"line":227,"column":5}},"76":{"start":{"line":185,"column":4},"end":{"line":185,"column":64}},"77":{"start":{"line":185,"column":13},"end":{"line":185,"column":64}},"78":{"start":{"line":187,"column":4},"end":{"line":189,"column":5}},"79":{"start":{"line":188,"column":6},"end":{"line":188,"column":91}},"80":{"start":{"line":193,"column":33},"end":{"line":193,"column":97}},"81":{"start":{"line":194,"column":4},"end":{"line":224,"column":7}},"82":{"start":{"line":195,"column":6},"end":{"line":223,"column":7}},"83":{"start":{"line":196,"column":8},"end":{"line":196,"column":59}},"84":{"start":{"line":199,"column":30},"end":{"line":199,"column":71}},"85":{"start":{"line":200,"column":8},"end":{"line":222,"column":11}},"86":{"start":{"line":201,"column":10},"end":{"line":201,"column":70}},"87":{"start":{"line":201,"column":19},"end":{"line":201,"column":70}},"88":{"start":{"line":202,"column":10},"end":{"line":202,"column":32}},"89":{"start":{"line":203,"column":10},"end":{"line":221,"column":11}},"90":{"start":{"line":204,"column":37},"end":{"line":204,"column":120}},"91":{"start":{"line":205,"column":12},"end":{"line":211,"column":13}},"92":{"start":{"line":206,"column":14},"end":{"line":210,"column":15}},"93":{"start":{"line":207,"column":16},"end":{"line":207,"column":67}},"94":{"start":{"line":209,"column":15},"end":{"line":209,"column":68}},"95":{"start":{"line":213,"column":37},"end":{"line":213,"column":111}},"96":{"start":{"line":214,"column":12},"end":{"line":220,"column":15}},"97":{"start":{"line":215,"column":14},"end":{"line":219,"column":15}},"98":{"start":{"line":216,"column":16},"end":{"line":216,"column":67}},"99":{"start":{"line":218,"column":16},"end":{"line":218,"column":69}},"100":{"start":{"line":234,"column":0},"end":{"line":256,"column":3}},"101":{"start":{"line":235,"column":28},"end":{"line":235,"column":36}},"102":{"start":{"line":237,"column":33},"end":{"line":237,"column":80}},"103":{"start":{"line":238,"column":4},"end":{"line":255,"column":7}},"104":{"start":{"line":239,"column":6},"end":{"line":254,"column":7}},"105":{"start":{"line":240,"column":8},"end":{"line":240,"column":59}},"106":{"start":{"line":242,"column":33},"end":{"line":242,"column":104}},"107":{"start":{"line":243,"column":8},"end":{"line":253,"column":11}},"108":{"start":{"line":244,"column":10},"end":{"line":252,"column":11}},"109":{"start":{"line":245,"column":12},"end":{"line":245,"column":63}},"110":{"start":{"line":247,"column":37},"end":{"line":247,"column":86}},"111":{"start":{"line":248,"column":12},"end":{"line":250,"column":15}},"112":{"start":{"line":249,"column":14},"end":{"line":249,"column":67}},"113":{"start":{"line":259,"column":0},"end":{"line":280,"column":3}},"114":{"start":{"line":260,"column":35},"end":{"line":260,"column":43}},"115":{"start":{"line":263,"column":26},"end":{"line":263,"column":101}},"116":{"start":{"line":264,"column":2},"end":{"line":279,"column":5}},"117":{"start":{"line":266,"column":4},"end":{"line":266,"column":64}},"118":{"start":{"line":266,"column":13},"end":{"line":266,"column":64}},"119":{"start":{"line":268,"column":4},"end":{"line":270,"column":5}},"120":{"start":{"line":269,"column":6},"end":{"line":269,"column":83}},"121":{"start":{"line":273,"column":30},"end":{"line":273,"column":104}},"122":{"start":{"line":275,"column":4},"end":{"line":278,"column":7}},"123":{"start":{"line":276,"column":6},"end":{"line":276,"column":66}},"124":{"start":{"line":276,"column":15},"end":{"line":276,"column":66}},"125":{"start":{"line":277,"column":6},"end":{"line":277,"column":65}},"126":{"start":{"line":283,"column":0},"end":{"line":293,"column":3}},"127":{"start":{"line":284,"column":35},"end":{"line":284,"column":43}},"128":{"start":{"line":286,"column":32},"end":{"line":286,"column":105}},"129":{"start":{"line":288,"column":4},"end":{"line":291,"column":7}},"130":{"start":{"line":289,"column":6},"end":{"line":289,"column":66}},"131":{"start":{"line":289,"column":15},"end":{"line":289,"column":66}},"132":{"start":{"line":290,"column":6},"end":{"line":290,"column":69}},"133":{"start":{"line":296,"column":0},"end":{"line":308,"column":3}},"134":{"start":{"line":297,"column":18},"end":{"line":297,"column":26}},"135":{"start":{"line":299,"column":24},"end":{"line":299,"column":65}},"136":{"start":{"line":300,"column":4},"end":{"line":306,"column":7}},"137":{"start":{"line":301,"column":6},"end":{"line":301,"column":66}},"138":{"start":{"line":301,"column":15},"end":{"line":301,"column":66}},"139":{"start":{"line":302,"column":19},"end":{"line":302,"column":33}},"140":{"start":{"line":303,"column":6},"end":{"line":305,"column":55}},"141":{"start":{"line":304,"column":8},"end":{"line":304,"column":50}},"142":{"start":{"line":305,"column":11},"end":{"line":305,"column":54}},"143":{"start":{"line":311,"column":0},"end":{"line":374,"column":3}},"144":{"start":{"line":312,"column":17},"end":{"line":312,"column":25}},"145":{"start":{"line":313,"column":16},"end":{"line":313,"column":44}},"146":{"start":{"line":314,"column":2},"end":{"line":373,"column":5}},"147":{"start":{"line":315,"column":4},"end":{"line":315,"column":64}},"148":{"start":{"line":315,"column":13},"end":{"line":315,"column":64}},"149":{"start":{"line":319,"column":22},"end":{"line":319,"column":24}},"150":{"start":{"line":320,"column":19},"end":{"line":320,"column":21}},"151":{"start":{"line":321,"column":23},"end":{"line":321,"column":25}},"152":{"start":{"line":322,"column":26},"end":{"line":322,"column":67}},"153":{"start":{"line":323,"column":4},"end":{"line":372,"column":9}},"154":{"start":{"line":324,"column":6},"end":{"line":324,"column":66}},"155":{"start":{"line":324,"column":15},"end":{"line":324,"column":66}},"156":{"start":{"line":325,"column":6},"end":{"line":325,"column":28}},"157":{"start":{"line":326,"column":6},"end":{"line":371,"column":9}},"158":{"start":{"line":327,"column":8},"end":{"line":329,"column":11}},"159":{"start":{"line":327,"column":20},"end":{"line":327,"column":21}},"160":{"start":{"line":328,"column":10},"end":{"line":328,"column":37}},"161":{"start":{"line":330,"column":28},"end":{"line":330,"column":49}},"162":{"start":{"line":331,"column":10},"end":{"line":331,"column":56}},"163":{"start":{"line":333,"column":41},"end":{"line":333,"column":104}},"164":{"start":{"line":334,"column":10},"end":{"line":367,"column":13}},"165":{"start":{"line":335,"column":12},"end":{"line":365,"column":13}},"166":{"start":{"line":336,"column":14},"end":{"line":336,"column":65}},"167":{"start":{"line":338,"column":14},"end":{"line":338,"column":35}},"168":{"start":{"line":339,"column":42},"end":{"line":339,"column":98}},"169":{"start":{"line":340,"column":14},"end":{"line":364,"column":17}},"170":{"start":{"line":341,"column":16},"end":{"line":362,"column":17}},"171":{"start":{"line":342,"column":18},"end":{"line":342,"column":69}},"172":{"start":{"line":344,"column":18},"end":{"line":344,"column":36}},"173":{"start":{"line":345,"column":37},"end":{"line":345,"column":65}},"174":{"start":{"line":346,"column":37},"end":{"line":346,"column":39}},"175":{"start":{"line":347,"column":18},"end":{"line":349,"column":19}},"176":{"start":{"line":347,"column":30},"end":{"line":347,"column":31}},"177":{"start":{"line":348,"column":20},"end":{"line":348,"column":66}},"178":{"start":{"line":350,"column":32},"end":{"line":350,"column":33}},"179":{"start":{"line":352,"column":18},"end":{"line":357,"column":19}},"180":{"start":{"line":352,"column":30},"end":{"line":352,"column":31}},"181":{"start":{"line":353,"column":20},"end":{"line":356,"column":21}},"182":{"start":{"line":354,"column":22},"end":{"line":354,"column":56}},"183":{"start":{"line":355,"column":22},"end":{"line":355,"column":31}},"184":{"start":{"line":359,"column":36},"end":{"line":359,"column":73}},"185":{"start":{"line":361,"column":18},"end":{"line":361,"column":64}},"186":{"start":{"line":377,"column":0},"end":{"line":390,"column":3}},"187":{"start":{"line":378,"column":19},"end":{"line":378,"column":27}},"188":{"start":{"line":380,"column":22},"end":{"line":380,"column":70}},"189":{"start":{"line":382,"column":2},"end":{"line":389,"column":5}},"190":{"start":{"line":383,"column":4},"end":{"line":383,"column":64}},"191":{"start":{"line":383,"column":13},"end":{"line":383,"column":64}},"192":{"start":{"line":386,"column":21},"end":{"line":386,"column":53}},"193":{"start":{"line":386,"column":40},"end":{"line":386,"column":52}},"194":{"start":{"line":388,"column":4},"end":{"line":388,"column":48}},"195":{"start":{"line":394,"column":0},"end":{"line":404,"column":3}},"196":{"start":{"line":395,"column":19},"end":{"line":395,"column":27}},"197":{"start":{"line":397,"column":24},"end":{"line":397,"column":92}},"198":{"start":{"line":399,"column":2},"end":{"line":403,"column":5}},"199":{"start":{"line":400,"column":4},"end":{"line":400,"column":64}},"200":{"start":{"line":400,"column":13},"end":{"line":400,"column":64}},"201":{"start":{"line":402,"column":4},"end":{"line":402,"column":47}},"202":{"start":{"line":407,"column":0},"end":{"line":417,"column":3}},"203":{"start":{"line":408,"column":19},"end":{"line":408,"column":27}},"204":{"start":{"line":410,"column":24},"end":{"line":410,"column":90}},"205":{"start":{"line":412,"column":2},"end":{"line":416,"column":5}},"206":{"start":{"line":413,"column":4},"end":{"line":413,"column":64}},"207":{"start":{"line":413,"column":13},"end":{"line":413,"column":64}},"208":{"start":{"line":415,"column":4},"end":{"line":415,"column":47}},"209":{"start":{"line":420,"column":0},"end":{"line":430,"column":3}},"210":{"start":{"line":421,"column":19},"end":{"line":421,"column":27}},"211":{"start":{"line":423,"column":24},"end":{"line":423,"column":89}},"212":{"start":{"line":425,"column":2},"end":{"line":429,"column":5}},"213":{"start":{"line":426,"column":4},"end":{"line":426,"column":64}},"214":{"start":{"line":426,"column":13},"end":{"line":426,"column":64}},"215":{"start":{"line":428,"column":4},"end":{"line":428,"column":47}},"216":{"start":{"line":433,"column":0},"end":{"line":443,"column":3}},"217":{"start":{"line":434,"column":19},"end":{"line":434,"column":27}},"218":{"start":{"line":436,"column":24},"end":{"line":436,"column":91}},"219":{"start":{"line":438,"column":2},"end":{"line":442,"column":5}},"220":{"start":{"line":439,"column":4},"end":{"line":439,"column":64}},"221":{"start":{"line":439,"column":13},"end":{"line":439,"column":64}},"222":{"start":{"line":441,"column":4},"end":{"line":441,"column":47}},"223":{"start":{"line":447,"column":0},"end":{"line":482,"column":3}},"224":{"start":{"line":448,"column":63},"end":{"line":448,"column":71}},"225":{"start":{"line":450,"column":2},"end":{"line":481,"column":3}},"226":{"start":{"line":451,"column":23},"end":{"line":460,"column":5}},"227":{"start":{"line":461,"column":4},"end":{"line":464,"column":7}},"228":{"start":{"line":462,"column":6},"end":{"line":462,"column":96}},"229":{"start":{"line":462,"column":15},"end":{"line":462,"column":96}},"230":{"start":{"line":463,"column":6},"end":{"line":463,"column":47}},"231":{"start":{"line":465,"column":9},"end":{"line":481,"column":3}},"232":{"start":{"line":466,"column":23},"end":{"line":476,"column":5}},"233":{"start":{"line":477,"column":4},"end":{"line":480,"column":7}},"234":{"start":{"line":478,"column":6},"end":{"line":478,"column":96}},"235":{"start":{"line":478,"column":15},"end":{"line":478,"column":96}},"236":{"start":{"line":479,"column":6},"end":{"line":479,"column":47}},"237":{"start":{"line":485,"column":0},"end":{"line":496,"column":3}},"238":{"start":{"line":486,"column":14},"end":{"line":486,"column":56}},"239":{"start":{"line":487,"column":2},"end":{"line":495,"column":5}},"240":{"start":{"line":489,"column":4},"end":{"line":489,"column":72}},"241":{"start":{"line":489,"column":13},"end":{"line":489,"column":72}},"242":{"start":{"line":492,"column":4},"end":{"line":492,"column":50}},"243":{"start":{"line":494,"column":4},"end":{"line":494,"column":45}},"244":{"start":{"line":501,"column":0},"end":{"line":523,"column":3}},"245":{"start":{"line":502,"column":95},"end":{"line":502,"column":103}},"246":{"start":{"line":504,"column":16},"end":{"line":504,"column":155}},"247":{"start":{"line":505,"column":2},"end":{"line":522,"column":5}},"248":{"start":{"line":506,"column":4},"end":{"line":506,"column":94}},"249":{"start":{"line":506,"column":13},"end":{"line":506,"column":94}},"250":{"start":{"line":510,"column":4},"end":{"line":518,"column":7}},"251":{"start":{"line":521,"column":4},"end":{"line":521,"column":52}},"252":{"start":{"line":526,"column":0},"end":{"line":541,"column":3}},"253":{"start":{"line":527,"column":33},"end":{"line":527,"column":41}},"254":{"start":{"line":529,"column":16},"end":{"line":529,"column":66}},"255":{"start":{"line":530,"column":2},"end":{"line":540,"column":5}},"256":{"start":{"line":532,"column":4},"end":{"line":532,"column":108}},"257":{"start":{"line":532,"column":13},"end":{"line":532,"column":108}},"258":{"start":{"line":535,"column":4},"end":{"line":535,"column":105}},"259":{"start":{"line":535,"column":36},"end":{"line":535,"column":105}},"260":{"start":{"line":539,"column":4},"end":{"line":539,"column":70}},"261":{"start":{"line":546,"column":0},"end":{"line":562,"column":3}},"262":{"start":{"line":547,"column":52},"end":{"line":547,"column":60}},"263":{"start":{"line":550,"column":16},"end":{"line":550,"column":99}},"264":{"start":{"line":551,"column":2},"end":{"line":552,"column":5}},"265":{"start":{"line":554,"column":2},"end":{"line":561,"column":3}},"266":{"start":{"line":555,"column":19},"end":{"line":555,"column":93}},"267":{"start":{"line":556,"column":2},"end":{"line":558,"column":5}},"268":{"start":{"line":557,"column":4},"end":{"line":557,"column":55}},"269":{"start":{"line":560,"column":4},"end":{"line":560,"column":53}},"270":{"start":{"line":565,"column":0},"end":{"line":598,"column":3}},"271":{"start":{"line":566,"column":56},"end":{"line":566,"column":64}},"272":{"start":{"line":567,"column":2},"end":{"line":573,"column":3}},"273":{"start":{"line":568,"column":4},"end":{"line":568,"column":71}},"274":{"start":{"line":569,"column":9},"end":{"line":573,"column":3}},"275":{"start":{"line":570,"column":4},"end":{"line":570,"column":76}},"276":{"start":{"line":571,"column":9},"end":{"line":573,"column":3}},"277":{"start":{"line":572,"column":4},"end":{"line":572,"column":76}},"278":{"start":{"line":575,"column":20},"end":{"line":575,"column":97}},"279":{"start":{"line":576,"column":2},"end":{"line":594,"column":5}},"280":{"start":{"line":577,"column":4},"end":{"line":593,"column":5}},"281":{"start":{"line":578,"column":6},"end":{"line":578,"column":77}},"282":{"start":{"line":580,"column":31},"end":{"line":580,"column":128}},"283":{"start":{"line":581,"column":6},"end":{"line":591,"column":9}},"284":{"start":{"line":582,"column":8},"end":{"line":590,"column":9}},"285":{"start":{"line":583,"column":10},"end":{"line":583,"column":78}},"286":{"start":{"line":585,"column":24},"end":{"line":585,"column":112}},"287":{"start":{"line":586,"column":10},"end":{"line":589,"column":13}},"288":{"start":{"line":587,"column":12},"end":{"line":587,"column":116}},"289":{"start":{"line":587,"column":21},"end":{"line":587,"column":116}},"290":{"start":{"line":588,"column":12},"end":{"line":588,"column":59}},"291":{"start":{"line":601,"column":0},"end":{"line":631,"column":3}},"292":{"start":{"line":602,"column":47},"end":{"line":602,"column":55}},"293":{"start":{"line":604,"column":2},"end":{"line":608,"column":3}},"294":{"start":{"line":605,"column":4},"end":{"line":605,"column":88}},"295":{"start":{"line":606,"column":9},"end":{"line":608,"column":3}},"296":{"start":{"line":607,"column":4},"end":{"line":607,"column":69}},"297":{"start":{"line":610,"column":20},"end":{"line":610,"column":97}},"298":{"start":{"line":611,"column":2},"end":{"line":630,"column":5}},"299":{"start":{"line":612,"column":4},"end":{"line":629,"column":5}},"300":{"start":{"line":613,"column":6},"end":{"line":613,"column":82}},"301":{"start":{"line":615,"column":31},"end":{"line":615,"column":129}},"302":{"start":{"line":616,"column":6},"end":{"line":628,"column":9}},"303":{"start":{"line":617,"column":8},"end":{"line":627,"column":9}},"304":{"start":{"line":618,"column":10},"end":{"line":618,"column":94}},"305":{"start":{"line":620,"column":29},"end":{"line":620,"column":118}},"306":{"start":{"line":621,"column":10},"end":{"line":626,"column":13}},"307":{"start":{"line":622,"column":12},"end":{"line":624,"column":13}},"308":{"start":{"line":623,"column":14},"end":{"line":623,"column":111}},"309":{"start":{"line":625,"column":12},"end":{"line":625,"column":60}},"310":{"start":{"line":636,"column":0},"end":{"line":649,"column":3}},"311":{"start":{"line":637,"column":23},"end":{"line":637,"column":31}},"312":{"start":{"line":639,"column":16},"end":{"line":639,"column":55}},"313":{"start":{"line":640,"column":2},"end":{"line":648,"column":5}},"314":{"start":{"line":641,"column":4},"end":{"line":641,"column":108}},"315":{"start":{"line":641,"column":13},"end":{"line":641,"column":108}},"316":{"start":{"line":643,"column":4},"end":{"line":643,"column":105}},"317":{"start":{"line":643,"column":36},"end":{"line":643,"column":105}},"318":{"start":{"line":647,"column":4},"end":{"line":647,"column":66}},"319":{"start":{"line":652,"column":0},"end":{"line":660,"column":3}},"320":{"start":{"line":653,"column":31},"end":{"line":653,"column":39}},"321":{"start":{"line":655,"column":14},"end":{"line":655,"column":91}},"322":{"start":{"line":656,"column":2},"end":{"line":659,"column":5}},"323":{"start":{"line":657,"column":4},"end":{"line":657,"column":64}},"324":{"start":{"line":657,"column":13},"end":{"line":657,"column":64}},"325":{"start":{"line":658,"column":4},"end":{"line":658,"column":56}},"326":{"start":{"line":663,"column":0},"end":{"line":675,"column":3}},"327":{"start":{"line":664,"column":23},"end":{"line":664,"column":31}},"328":{"start":{"line":666,"column":14},"end":{"line":666,"column":70}},"329":{"start":{"line":667,"column":2},"end":{"line":674,"column":5}},"330":{"start":{"line":668,"column":4},"end":{"line":668,"column":64}},"331":{"start":{"line":668,"column":13},"end":{"line":668,"column":64}},"332":{"start":{"line":669,"column":4},"end":{"line":673,"column":5}},"333":{"start":{"line":670,"column":6},"end":{"line":670,"column":91}},"334":{"start":{"line":672,"column":6},"end":{"line":672,"column":58}},"335":{"start":{"line":677,"column":0},"end":{"line":677,"column":21}},"336":{"start":{"line":679,"column":0},"end":{"line":683,"column":1}},"337":{"start":{"line":680,"column":15},"end":{"line":680,"column":39}},"338":{"start":{"line":682,"column":2},"end":{"line":682,"column":76}},"339":{"start":{"line":682,"column":28},"end":{"line":682,"column":74}}},"fnMap":{"0":{"name":"(anonymous_0)","decl":{"start":{"line":36,"column":11},"end":{"line":36,"column":12}},"loc":{"start":{"line":36,"column":18},"end":{"line":39,"column":1}},"line":36},"1":{"name":"(anonymous_1)","decl":{"start":{"line":43,"column":20},"end":{"line":43,"column":21}},"loc":{"start":{"line":43,"column":32},"end":{"line":129,"column":1}},"line":43},"2":{"name":"(anonymous_2)","decl":{"start":{"line":47,"column":25},"end":{"line":47,"column":26}},"loc":{"start":{"line":47,"column":39},"end":{"line":60,"column":3}},"line":47},"3":{"name":"(anonymous_3)","decl":{"start":{"line":50,"column":32},"end":{"line":50,"column":33}},"loc":{"start":{"line":50,"column":41},"end":{"line":58,"column":7}},"line":50},"4":{"name":"(anonymous_4)","decl":{"start":{"line":63,"column":27},"end":{"line":63,"column":28}},"loc":{"start":{"line":63,"column":37},"end":{"line":89,"column":3}},"line":63},"5":{"name":"(anonymous_5)","decl":{"start":{"line":73,"column":7},"end":{"line":73,"column":8}},"loc":{"start":{"line":73,"column":25},"end":{"line":88,"column":5}},"line":73},"6":{"name":"(anonymous_6)","decl":{"start":{"line":92,"column":26},"end":{"line":92,"column":27}},"loc":{"start":{"line":92,"column":32},"end":{"line":110,"column":3}},"line":92},"7":{"name":"(anonymous_7)","decl":{"start":{"line":100,"column":32},"end":{"line":100,"column":33}},"loc":{"start":{"line":100,"column":41},"end":{"line":108,"column":7}},"line":100},"8":{"name":"(anonymous_8)","decl":{"start":{"line":113,"column":25},"end":{"line":113,"column":26}},"loc":{"start":{"line":113,"column":35},"end":{"line":128,"column":3}},"line":113},"9":{"name":"(anonymous_9)","decl":{"start":{"line":118,"column":40},"end":{"line":118,"column":41}},"loc":{"start":{"line":118,"column":49},"end":{"line":126,"column":7}},"line":118},"10":{"name":"(anonymous_10)","decl":{"start":{"line":135,"column":22},"end":{"line":135,"column":23}},"loc":{"start":{"line":135,"column":36},"end":{"line":156,"column":1}},"line":135},"11":{"name":"(anonymous_11)","decl":{"start":{"line":140,"column":37},"end":{"line":140,"column":38}},"loc":{"start":{"line":140,"column":55},"end":{"line":155,"column":3}},"line":140},"12":{"name":"(anonymous_12)","decl":{"start":{"line":150,"column":60},"end":{"line":150,"column":61}},"loc":{"start":{"line":150,"column":77},"end":{"line":152,"column":5}},"line":150},"13":{"name":"(anonymous_13)","decl":{"start":{"line":159,"column":19},"end":{"line":159,"column":20}},"loc":{"start":{"line":159,"column":33},"end":{"line":172,"column":1}},"line":159},"14":{"name":"(anonymous_14)","decl":{"start":{"line":163,"column":38},"end":{"line":163,"column":39}},"loc":{"start":{"line":163,"column":56},"end":{"line":171,"column":3}},"line":163},"15":{"name":"(anonymous_15)","decl":{"start":{"line":176,"column":27},"end":{"line":176,"column":28}},"loc":{"start":{"line":176,"column":41},"end":{"line":228,"column":1}},"line":176},"16":{"name":"(anonymous_16)","decl":{"start":{"line":183,"column":43},"end":{"line":183,"column":44}},"loc":{"start":{"line":183,"column":61},"end":{"line":227,"column":3}},"line":183},"17":{"name":"(anonymous_17)","decl":{"start":{"line":194,"column":64},"end":{"line":194,"column":65}},"loc":{"start":{"line":194,"column":81},"end":{"line":224,"column":5}},"line":194},"18":{"name":"(anonymous_18)","decl":{"start":{"line":200,"column":48},"end":{"line":200,"column":49}},"loc":{"start":{"line":200,"column":65},"end":{"line":222,"column":9}},"line":200},"19":{"name":"(anonymous_19)","decl":{"start":{"line":205,"column":54},"end":{"line":205,"column":55}},"loc":{"start":{"line":205,"column":71},"end":{"line":211,"column":11}},"line":205},"20":{"name":"(anonymous_20)","decl":{"start":{"line":214,"column":68},"end":{"line":214,"column":69}},"loc":{"start":{"line":214,"column":85},"end":{"line":220,"column":13}},"line":214},"21":{"name":"(anonymous_21)","decl":{"start":{"line":234,"column":27},"end":{"line":234,"column":28}},"loc":{"start":{"line":234,"column":41},"end":{"line":256,"column":1}},"line":234},"22":{"name":"(anonymous_22)","decl":{"start":{"line":238,"column":51},"end":{"line":238,"column":52}},"loc":{"start":{"line":238,"column":68},"end":{"line":255,"column":5}},"line":238},"23":{"name":"(anonymous_23)","decl":{"start":{"line":243,"column":51},"end":{"line":243,"column":52}},"loc":{"start":{"line":243,"column":68},"end":{"line":253,"column":9}},"line":243},"24":{"name":"(anonymous_24)","decl":{"start":{"line":248,"column":55},"end":{"line":248,"column":56}},"loc":{"start":{"line":248,"column":72},"end":{"line":250,"column":13}},"line":248},"25":{"name":"(anonymous_25)","decl":{"start":{"line":259,"column":25},"end":{"line":259,"column":26}},"loc":{"start":{"line":259,"column":39},"end":{"line":280,"column":1}},"line":259},"26":{"name":"(anonymous_26)","decl":{"start":{"line":264,"column":53},"end":{"line":264,"column":54}},"loc":{"start":{"line":264,"column":71},"end":{"line":279,"column":3}},"line":264},"27":{"name":"(anonymous_27)","decl":{"start":{"line":275,"column":59},"end":{"line":275,"column":60}},"loc":{"start":{"line":275,"column":76},"end":{"line":278,"column":5}},"line":275},"28":{"name":"(anonymous_28)","decl":{"start":{"line":283,"column":25},"end":{"line":283,"column":26}},"loc":{"start":{"line":283,"column":39},"end":{"line":293,"column":1}},"line":283},"29":{"name":"(anonymous_29)","decl":{"start":{"line":288,"column":61},"end":{"line":288,"column":62}},"loc":{"start":{"line":288,"column":78},"end":{"line":291,"column":5}},"line":288},"30":{"name":"(anonymous_30)","decl":{"start":{"line":296,"column":24},"end":{"line":296,"column":25}},"loc":{"start":{"line":296,"column":38},"end":{"line":308,"column":1}},"line":296},"31":{"name":"(anonymous_31)","decl":{"start":{"line":300,"column":36},"end":{"line":300,"column":37}},"loc":{"start":{"line":300,"column":53},"end":{"line":306,"column":5}},"line":300},"32":{"name":"(anonymous_32)","decl":{"start":{"line":311,"column":25},"end":{"line":311,"column":26}},"loc":{"start":{"line":311,"column":39},"end":{"line":374,"column":1}},"line":311},"33":{"name":"(anonymous_33)","decl":{"start":{"line":314,"column":22},"end":{"line":314,"column":23}},"loc":{"start":{"line":314,"column":40},"end":{"line":373,"column":3}},"line":314},"34":{"name":"(anonymous_34)","decl":{"start":{"line":323,"column":36},"end":{"line":323,"column":37}},"loc":{"start":{"line":323,"column":53},"end":{"line":372,"column":7}},"line":323},"35":{"name":"(anonymous_35)","decl":{"start":{"line":334,"column":47},"end":{"line":334,"column":48}},"loc":{"start":{"line":334,"column":65},"end":{"line":367,"column":11}},"line":334},"36":{"name":"(anonymous_36)","decl":{"start":{"line":340,"column":52},"end":{"line":340,"column":53}},"loc":{"start":{"line":340,"column":70},"end":{"line":364,"column":15}},"line":340},"37":{"name":"(anonymous_37)","decl":{"start":{"line":377,"column":31},"end":{"line":377,"column":32}},"loc":{"start":{"line":377,"column":45},"end":{"line":390,"column":1}},"line":377},"38":{"name":"(anonymous_38)","decl":{"start":{"line":382,"column":32},"end":{"line":382,"column":33}},"loc":{"start":{"line":382,"column":50},"end":{"line":389,"column":3}},"line":382},"39":{"name":"(anonymous_39)","decl":{"start":{"line":386,"column":33},"end":{"line":386,"column":34}},"loc":{"start":{"line":386,"column":40},"end":{"line":386,"column":52}},"line":386},"40":{"name":"(anonymous_40)","decl":{"start":{"line":394,"column":29},"end":{"line":394,"column":30}},"loc":{"start":{"line":394,"column":43},"end":{"line":404,"column":1}},"line":394},"41":{"name":"(anonymous_41)","decl":{"start":{"line":399,"column":34},"end":{"line":399,"column":35}},"loc":{"start":{"line":399,"column":52},"end":{"line":403,"column":3}},"line":399},"42":{"name":"(anonymous_42)","decl":{"start":{"line":407,"column":33},"end":{"line":407,"column":34}},"loc":{"start":{"line":407,"column":47},"end":{"line":417,"column":1}},"line":407},"43":{"name":"(anonymous_43)","decl":{"start":{"line":412,"column":34},"end":{"line":412,"column":35}},"loc":{"start":{"line":412,"column":52},"end":{"line":416,"column":3}},"line":412},"44":{"name":"(anonymous_44)","decl":{"start":{"line":420,"column":28},"end":{"line":420,"column":29}},"loc":{"start":{"line":420,"column":42},"end":{"line":430,"column":1}},"line":420},"45":{"name":"(anonymous_45)","decl":{"start":{"line":425,"column":34},"end":{"line":425,"column":35}},"loc":{"start":{"line":425,"column":52},"end":{"line":429,"column":3}},"line":425},"46":{"name":"(anonymous_46)","decl":{"start":{"line":433,"column":32},"end":{"line":433,"column":33}},"loc":{"start":{"line":433,"column":46},"end":{"line":443,"column":1}},"line":433},"47":{"name":"(anonymous_47)","decl":{"start":{"line":438,"column":34},"end":{"line":438,"column":35}},"loc":{"start":{"line":438,"column":52},"end":{"line":442,"column":3}},"line":438},"48":{"name":"(anonymous_48)","decl":{"start":{"line":447,"column":26},"end":{"line":447,"column":27}},"loc":{"start":{"line":447,"column":40},"end":{"line":482,"column":1}},"line":447},"49":{"name":"(anonymous_49)","decl":{"start":{"line":461,"column":63},"end":{"line":461,"column":64}},"loc":{"start":{"line":461,"column":81},"end":{"line":464,"column":5}},"line":461},"50":{"name":"(anonymous_50)","decl":{"start":{"line":477,"column":107},"end":{"line":477,"column":108}},"loc":{"start":{"line":477,"column":125},"end":{"line":480,"column":5}},"line":477},"51":{"name":"(anonymous_51)","decl":{"start":{"line":485,"column":27},"end":{"line":485,"column":28}},"loc":{"start":{"line":485,"column":41},"end":{"line":496,"column":1}},"line":485},"52":{"name":"(anonymous_52)","decl":{"start":{"line":487,"column":31},"end":{"line":487,"column":32}},"loc":{"start":{"line":487,"column":48},"end":{"line":495,"column":3}},"line":487},"53":{"name":"(anonymous_53)","decl":{"start":{"line":501,"column":25},"end":{"line":501,"column":26}},"loc":{"start":{"line":501,"column":39},"end":{"line":523,"column":1}},"line":501},"54":{"name":"(anonymous_54)","decl":{"start":{"line":505,"column":110},"end":{"line":505,"column":111}},"loc":{"start":{"line":505,"column":128},"end":{"line":522,"column":3}},"line":505},"55":{"name":"(anonymous_55)","decl":{"start":{"line":526,"column":28},"end":{"line":526,"column":29}},"loc":{"start":{"line":526,"column":42},"end":{"line":541,"column":1}},"line":526},"56":{"name":"(anonymous_56)","decl":{"start":{"line":530,"column":40},"end":{"line":530,"column":41}},"loc":{"start":{"line":530,"column":58},"end":{"line":540,"column":3}},"line":530},"57":{"name":"(anonymous_57)","decl":{"start":{"line":546,"column":27},"end":{"line":546,"column":28}},"loc":{"start":{"line":546,"column":41},"end":{"line":562,"column":1}},"line":546},"58":{"name":"(anonymous_58)","decl":{"start":{"line":551,"column":45},"end":{"line":551,"column":46}},"loc":{"start":{"line":551,"column":63},"end":{"line":552,"column":3}},"line":551},"59":{"name":"(anonymous_59)","decl":{"start":{"line":556,"column":39},"end":{"line":556,"column":40}},"loc":{"start":{"line":556,"column":57},"end":{"line":558,"column":3}},"line":556},"60":{"name":"(anonymous_60)","decl":{"start":{"line":565,"column":24},"end":{"line":565,"column":25}},"loc":{"start":{"line":565,"column":38},"end":{"line":598,"column":1}},"line":565},"61":{"name":"(anonymous_61)","decl":{"start":{"line":576,"column":53},"end":{"line":576,"column":54}},"loc":{"start":{"line":576,"column":71},"end":{"line":594,"column":3}},"line":576},"62":{"name":"(anonymous_62)","decl":{"start":{"line":581,"column":78},"end":{"line":581,"column":79}},"loc":{"start":{"line":581,"column":97},"end":{"line":591,"column":7}},"line":581},"63":{"name":"(anonymous_63)","decl":{"start":{"line":586,"column":71},"end":{"line":586,"column":72}},"loc":{"start":{"line":586,"column":90},"end":{"line":589,"column":11}},"line":586},"64":{"name":"(anonymous_64)","decl":{"start":{"line":601,"column":25},"end":{"line":601,"column":26}},"loc":{"start":{"line":601,"column":39},"end":{"line":631,"column":1}},"line":601},"65":{"name":"(anonymous_65)","decl":{"start":{"line":611,"column":51},"end":{"line":611,"column":52}},"loc":{"start":{"line":611,"column":69},"end":{"line":630,"column":3}},"line":611},"66":{"name":"(anonymous_66)","decl":{"start":{"line":616,"column":69},"end":{"line":616,"column":70}},"loc":{"start":{"line":616,"column":88},"end":{"line":628,"column":7}},"line":616},"67":{"name":"(anonymous_67)","decl":{"start":{"line":621,"column":67},"end":{"line":621,"column":68}},"loc":{"start":{"line":621,"column":86},"end":{"line":626,"column":11}},"line":621},"68":{"name":"(anonymous_68)","decl":{"start":{"line":636,"column":24},"end":{"line":636,"column":25}},"loc":{"start":{"line":636,"column":38},"end":{"line":649,"column":1}},"line":636},"69":{"name":"(anonymous_69)","decl":{"start":{"line":640,"column":30},"end":{"line":640,"column":31}},"loc":{"start":{"line":640,"column":48},"end":{"line":648,"column":3}},"line":640},"70":{"name":"(anonymous_70)","decl":{"start":{"line":652,"column":26},"end":{"line":652,"column":27}},"loc":{"start":{"line":652,"column":40},"end":{"line":660,"column":1}},"line":652},"71":{"name":"(anonymous_71)","decl":{"start":{"line":656,"column":36},"end":{"line":656,"column":37}},"loc":{"start":{"line":656,"column":54},"end":{"line":659,"column":3}},"line":656},"72":{"name":"(anonymous_72)","decl":{"start":{"line":663,"column":27},"end":{"line":663,"column":28}},"loc":{"start":{"line":663,"column":41},"end":{"line":675,"column":1}},"line":663},"73":{"name":"(anonymous_73)","decl":{"start":{"line":667,"column":28},"end":{"line":667,"column":29}},"loc":{"start":{"line":667,"column":46},"end":{"line":674,"column":3}},"line":667},"74":{"name":"(anonymous_74)","decl":{"start":{"line":682,"column":22},"end":{"line":682,"column":23}},"loc":{"start":{"line":682,"column":28},"end":{"line":682,"column":74}},"line":682}},"branchMap":{"0":{"loc":{"start":{"line":37,"column":2},"end":{"line":37,"column":21}},"type":"if","locations":[{"start":{"line":37,"column":2},"end":{"line":37,"column":21}},{"start":{},"end":{}}],"line":37},"1":{"loc":{"start":{"line":48,"column":4},"end":{"line":59,"column":5}},"type":"if","locations":[{"start":{"line":48,"column":4},"end":{"line":59,"column":5}},{"start":{},"end":{}}],"line":48},"2":{"loc":{"start":{"line":51,"column":8},"end":{"line":57,"column":9}},"type":"if","locations":[{"start":{"line":51,"column":8},"end":{"line":57,"column":9}},{"start":{"line":53,"column":15},"end":{"line":57,"column":9}}],"line":51},"3":{"loc":{"start":{"line":72,"column":6},"end":{"line":72,"column":29}},"type":"binary-expr","locations":[{"start":{"line":72,"column":6},"end":{"line":72,"column":21}},{"start":{"line":72,"column":25},"end":{"line":72,"column":29}}],"line":72},"4":{"loc":{"start":{"line":74,"column":6},"end":{"line":77,"column":7}},"type":"if","locations":[{"start":{"line":74,"column":6},"end":{"line":77,"column":7}},{"start":{},"end":{}}],"line":74},"5":{"loc":{"start":{"line":85,"column":27},"end":{"line":85,"column":50}},"type":"binary-expr","locations":[{"start":{"line":85,"column":27},"end":{"line":85,"column":42}},{"start":{"line":85,"column":46},"end":{"line":85,"column":50}}],"line":85},"6":{"loc":{"start":{"line":98,"column":4},"end":{"line":109,"column":5}},"type":"if","locations":[{"start":{"line":98,"column":4},"end":{"line":109,"column":5}},{"start":{},"end":{}}],"line":98},"7":{"loc":{"start":{"line":101,"column":8},"end":{"line":107,"column":9}},"type":"if","locations":[{"start":{"line":101,"column":8},"end":{"line":107,"column":9}},{"start":{"line":103,"column":15},"end":{"line":107,"column":9}}],"line":101},"8":{"loc":{"start":{"line":116,"column":4},"end":{"line":127,"column":5}},"type":"if","locations":[{"start":{"line":116,"column":4},"end":{"line":127,"column":5}},{"start":{},"end":{}}],"line":116},"9":{"loc":{"start":{"line":116,"column":8},"end":{"line":116,"column":26}},"type":"binary-expr","locations":[{"start":{"line":116,"column":8},"end":{"line":116,"column":16}},{"start":{"line":116,"column":20},"end":{"line":116,"column":26}}],"line":116},"10":{"loc":{"start":{"line":119,"column":8},"end":{"line":125,"column":9}},"type":"if","locations":[{"start":{"line":119,"column":8},"end":{"line":125,"column":9}},{"start":{"line":121,"column":15},"end":{"line":125,"column":9}}],"line":119},"11":{"loc":{"start":{"line":142,"column":4},"end":{"line":142,"column":64}},"type":"if","locations":[{"start":{"line":142,"column":4},"end":{"line":142,"column":64}},{"start":{},"end":{}}],"line":142},"12":{"loc":{"start":{"line":144,"column":4},"end":{"line":146,"column":5}},"type":"if","locations":[{"start":{"line":144,"column":4},"end":{"line":146,"column":5}},{"start":{},"end":{}}],"line":144},"13":{"loc":{"start":{"line":151,"column":6},"end":{"line":151,"column":66}},"type":"if","locations":[{"start":{"line":151,"column":6},"end":{"line":151,"column":66}},{"start":{},"end":{}}],"line":151},"14":{"loc":{"start":{"line":164,"column":4},"end":{"line":164,"column":64}},"type":"if","locations":[{"start":{"line":164,"column":4},"end":{"line":164,"column":64}},{"start":{},"end":{}}],"line":164},"15":{"loc":{"start":{"line":166,"column":4},"end":{"line":168,"column":5}},"type":"if","locations":[{"start":{"line":166,"column":4},"end":{"line":168,"column":5}},{"start":{},"end":{}}],"line":166},"16":{"loc":{"start":{"line":185,"column":4},"end":{"line":185,"column":64}},"type":"if","locations":[{"start":{"line":185,"column":4},"end":{"line":185,"column":64}},{"start":{},"end":{}}],"line":185},"17":{"loc":{"start":{"line":187,"column":4},"end":{"line":189,"column":5}},"type":"if","locations":[{"start":{"line":187,"column":4},"end":{"line":189,"column":5}},{"start":{},"end":{}}],"line":187},"18":{"loc":{"start":{"line":195,"column":6},"end":{"line":223,"column":7}},"type":"if","locations":[{"start":{"line":195,"column":6},"end":{"line":223,"column":7}},{"start":{"line":197,"column":13},"end":{"line":223,"column":7}}],"line":195},"19":{"loc":{"start":{"line":201,"column":10},"end":{"line":201,"column":70}},"type":"if","locations":[{"start":{"line":201,"column":10},"end":{"line":201,"column":70}},{"start":{},"end":{}}],"line":201},"20":{"loc":{"start":{"line":203,"column":10},"end":{"line":221,"column":11}},"type":"if","locations":[{"start":{"line":203,"column":10},"end":{"line":221,"column":11}},{"start":{"line":212,"column":17},"end":{"line":221,"column":11}}],"line":203},"21":{"loc":{"start":{"line":206,"column":14},"end":{"line":210,"column":15}},"type":"if","locations":[{"start":{"line":206,"column":14},"end":{"line":210,"column":15}},{"start":{"line":208,"column":21},"end":{"line":210,"column":15}}],"line":206},"22":{"loc":{"start":{"line":215,"column":14},"end":{"line":219,"column":15}},"type":"if","locations":[{"start":{"line":215,"column":14},"end":{"line":219,"column":15}},{"start":{"line":217,"column":21},"end":{"line":219,"column":15}}],"line":215},"23":{"loc":{"start":{"line":239,"column":6},"end":{"line":254,"column":7}},"type":"if","locations":[{"start":{"line":239,"column":6},"end":{"line":254,"column":7}},{"start":{"line":241,"column":13},"end":{"line":254,"column":7}}],"line":239},"24":{"loc":{"start":{"line":244,"column":10},"end":{"line":252,"column":11}},"type":"if","locations":[{"start":{"line":244,"column":10},"end":{"line":252,"column":11}},{"start":{"line":246,"column":17},"end":{"line":252,"column":11}}],"line":244},"25":{"loc":{"start":{"line":266,"column":4},"end":{"line":266,"column":64}},"type":"if","locations":[{"start":{"line":266,"column":4},"end":{"line":266,"column":64}},{"start":{},"end":{}}],"line":266},"26":{"loc":{"start":{"line":268,"column":4},"end":{"line":270,"column":5}},"type":"if","locations":[{"start":{"line":268,"column":4},"end":{"line":270,"column":5}},{"start":{},"end":{}}],"line":268},"27":{"loc":{"start":{"line":276,"column":6},"end":{"line":276,"column":66}},"type":"if","locations":[{"start":{"line":276,"column":6},"end":{"line":276,"column":66}},{"start":{},"end":{}}],"line":276},"28":{"loc":{"start":{"line":289,"column":6},"end":{"line":289,"column":66}},"type":"if","locations":[{"start":{"line":289,"column":6},"end":{"line":289,"column":66}},{"start":{},"end":{}}],"line":289},"29":{"loc":{"start":{"line":301,"column":6},"end":{"line":301,"column":66}},"type":"if","locations":[{"start":{"line":301,"column":6},"end":{"line":301,"column":66}},{"start":{},"end":{}}],"line":301},"30":{"loc":{"start":{"line":303,"column":6},"end":{"line":305,"column":55}},"type":"if","locations":[{"start":{"line":303,"column":6},"end":{"line":305,"column":55}},{"start":{"line":305,"column":10},"end":{"line":305,"column":55}}],"line":303},"31":{"loc":{"start":{"line":315,"column":4},"end":{"line":315,"column":64}},"type":"if","locations":[{"start":{"line":315,"column":4},"end":{"line":315,"column":64}},{"start":{},"end":{}}],"line":315},"32":{"loc":{"start":{"line":324,"column":6},"end":{"line":324,"column":66}},"type":"if","locations":[{"start":{"line":324,"column":6},"end":{"line":324,"column":66}},{"start":{},"end":{}}],"line":324},"33":{"loc":{"start":{"line":326,"column":6},"end":{"line":371,"column":9}},"type":"if","locations":[{"start":{"line":326,"column":6},"end":{"line":371,"column":9}},{"start":{"line":332,"column":15},"end":{"line":371,"column":9}}],"line":326},"34":{"loc":{"start":{"line":335,"column":12},"end":{"line":365,"column":13}},"type":"if","locations":[{"start":{"line":335,"column":12},"end":{"line":365,"column":13}},{"start":{"line":337,"column":19},"end":{"line":365,"column":13}}],"line":335},"35":{"loc":{"start":{"line":341,"column":16},"end":{"line":362,"column":17}},"type":"if","locations":[{"start":{"line":341,"column":16},"end":{"line":362,"column":17}},{"start":{"line":343,"column":23},"end":{"line":362,"column":17}}],"line":341},"36":{"loc":{"start":{"line":353,"column":20},"end":{"line":356,"column":21}},"type":"if","locations":[{"start":{"line":353,"column":20},"end":{"line":356,"column":21}},{"start":{},"end":{}}],"line":353},"37":{"loc":{"start":{"line":383,"column":4},"end":{"line":383,"column":64}},"type":"if","locations":[{"start":{"line":383,"column":4},"end":{"line":383,"column":64}},{"start":{},"end":{}}],"line":383},"38":{"loc":{"start":{"line":400,"column":4},"end":{"line":400,"column":64}},"type":"if","locations":[{"start":{"line":400,"column":4},"end":{"line":400,"column":64}},{"start":{},"end":{}}],"line":400},"39":{"loc":{"start":{"line":413,"column":4},"end":{"line":413,"column":64}},"type":"if","locations":[{"start":{"line":413,"column":4},"end":{"line":413,"column":64}},{"start":{},"end":{}}],"line":413},"40":{"loc":{"start":{"line":426,"column":4},"end":{"line":426,"column":64}},"type":"if","locations":[{"start":{"line":426,"column":4},"end":{"line":426,"column":64}},{"start":{},"end":{}}],"line":426},"41":{"loc":{"start":{"line":439,"column":4},"end":{"line":439,"column":64}},"type":"if","locations":[{"start":{"line":439,"column":4},"end":{"line":439,"column":64}},{"start":{},"end":{}}],"line":439},"42":{"loc":{"start":{"line":450,"column":2},"end":{"line":481,"column":3}},"type":"if","locations":[{"start":{"line":450,"column":2},"end":{"line":481,"column":3}},{"start":{"line":465,"column":9},"end":{"line":481,"column":3}}],"line":450},"43":{"loc":{"start":{"line":462,"column":6},"end":{"line":462,"column":96}},"type":"if","locations":[{"start":{"line":462,"column":6},"end":{"line":462,"column":96}},{"start":{},"end":{}}],"line":462},"44":{"loc":{"start":{"line":465,"column":9},"end":{"line":481,"column":3}},"type":"if","locations":[{"start":{"line":465,"column":9},"end":{"line":481,"column":3}},{"start":{},"end":{}}],"line":465},"45":{"loc":{"start":{"line":478,"column":6},"end":{"line":478,"column":96}},"type":"if","locations":[{"start":{"line":478,"column":6},"end":{"line":478,"column":96}},{"start":{},"end":{}}],"line":478},"46":{"loc":{"start":{"line":489,"column":4},"end":{"line":489,"column":72}},"type":"if","locations":[{"start":{"line":489,"column":4},"end":{"line":489,"column":72}},{"start":{},"end":{}}],"line":489},"47":{"loc":{"start":{"line":505,"column":84},"end":{"line":505,"column":107}},"type":"binary-expr","locations":[{"start":{"line":505,"column":84},"end":{"line":505,"column":99}},{"start":{"line":505,"column":103},"end":{"line":505,"column":107}}],"line":505},"48":{"loc":{"start":{"line":506,"column":4},"end":{"line":506,"column":94}},"type":"if","locations":[{"start":{"line":506,"column":4},"end":{"line":506,"column":94}},{"start":{},"end":{}}],"line":506},"49":{"loc":{"start":{"line":516,"column":25},"end":{"line":516,"column":48}},"type":"binary-expr","locations":[{"start":{"line":516,"column":25},"end":{"line":516,"column":40}},{"start":{"line":516,"column":44},"end":{"line":516,"column":48}}],"line":516},"50":{"loc":{"start":{"line":532,"column":4},"end":{"line":532,"column":108}},"type":"if","locations":[{"start":{"line":532,"column":4},"end":{"line":532,"column":108}},{"start":{},"end":{}}],"line":532},"51":{"loc":{"start":{"line":535,"column":4},"end":{"line":535,"column":105}},"type":"if","locations":[{"start":{"line":535,"column":4},"end":{"line":535,"column":105}},{"start":{},"end":{}}],"line":535},"52":{"loc":{"start":{"line":554,"column":2},"end":{"line":561,"column":3}},"type":"if","locations":[{"start":{"line":554,"column":2},"end":{"line":561,"column":3}},{"start":{"line":559,"column":9},"end":{"line":561,"column":3}}],"line":554},"53":{"loc":{"start":{"line":567,"column":2},"end":{"line":573,"column":3}},"type":"if","locations":[{"start":{"line":567,"column":2},"end":{"line":573,"column":3}},{"start":{"line":569,"column":9},"end":{"line":573,"column":3}}],"line":567},"54":{"loc":{"start":{"line":569,"column":9},"end":{"line":573,"column":3}},"type":"if","locations":[{"start":{"line":569,"column":9},"end":{"line":573,"column":3}},{"start":{"line":571,"column":9},"end":{"line":573,"column":3}}],"line":569},"55":{"loc":{"start":{"line":571,"column":9},"end":{"line":573,"column":3}},"type":"if","locations":[{"start":{"line":571,"column":9},"end":{"line":573,"column":3}},{"start":{},"end":{}}],"line":571},"56":{"loc":{"start":{"line":577,"column":4},"end":{"line":593,"column":5}},"type":"if","locations":[{"start":{"line":577,"column":4},"end":{"line":593,"column":5}},{"start":{"line":579,"column":11},"end":{"line":593,"column":5}}],"line":577},"57":{"loc":{"start":{"line":582,"column":8},"end":{"line":590,"column":9}},"type":"if","locations":[{"start":{"line":582,"column":8},"end":{"line":590,"column":9}},{"start":{"line":584,"column":15},"end":{"line":590,"column":9}}],"line":582},"58":{"loc":{"start":{"line":587,"column":12},"end":{"line":587,"column":116}},"type":"if","locations":[{"start":{"line":587,"column":12},"end":{"line":587,"column":116}},{"start":{},"end":{}}],"line":587},"59":{"loc":{"start":{"line":604,"column":2},"end":{"line":608,"column":3}},"type":"if","locations":[{"start":{"line":604,"column":2},"end":{"line":608,"column":3}},{"start":{"line":606,"column":9},"end":{"line":608,"column":3}}],"line":604},"60":{"loc":{"start":{"line":606,"column":9},"end":{"line":608,"column":3}},"type":"if","locations":[{"start":{"line":606,"column":9},"end":{"line":608,"column":3}},{"start":{},"end":{}}],"line":606},"61":{"loc":{"start":{"line":612,"column":4},"end":{"line":629,"column":5}},"type":"if","locations":[{"start":{"line":612,"column":4},"end":{"line":629,"column":5}},{"start":{"line":614,"column":11},"end":{"line":629,"column":5}}],"line":612},"62":{"loc":{"start":{"line":617,"column":8},"end":{"line":627,"column":9}},"type":"if","locations":[{"start":{"line":617,"column":8},"end":{"line":627,"column":9}},{"start":{"line":619,"column":15},"end":{"line":627,"column":9}}],"line":617},"63":{"loc":{"start":{"line":622,"column":12},"end":{"line":624,"column":13}},"type":"if","locations":[{"start":{"line":622,"column":12},"end":{"line":624,"column":13}},{"start":{},"end":{}}],"line":622},"64":{"loc":{"start":{"line":641,"column":4},"end":{"line":641,"column":108}},"type":"if","locations":[{"start":{"line":641,"column":4},"end":{"line":641,"column":108}},{"start":{},"end":{}}],"line":641},"65":{"loc":{"start":{"line":643,"column":4},"end":{"line":643,"column":105}},"type":"if","locations":[{"start":{"line":643,"column":4},"end":{"line":643,"column":105}},{"start":{},"end":{}}],"line":643},"66":{"loc":{"start":{"line":657,"column":4},"end":{"line":657,"column":64}},"type":"if","locations":[{"start":{"line":657,"column":4},"end":{"line":657,"column":64}},{"start":{},"end":{}}],"line":657},"67":{"loc":{"start":{"line":668,"column":4},"end":{"line":668,"column":64}},"type":"if","locations":[{"start":{"line":668,"column":4},"end":{"line":668,"column":64}},{"start":{},"end":{}}],"line":668},"68":{"loc":{"start":{"line":669,"column":4},"end":{"line":673,"column":5}},"type":"if","locations":[{"start":{"line":669,"column":4},"end":{"line":673,"column":5}},{"start":{"line":671,"column":11},"end":{"line":673,"column":5}}],"line":669},"69":{"loc":{"start":{"line":679,"column":0},"end":{"line":683,"column":1}},"type":"if","locations":[{"start":{"line":679,"column":0},"end":{"line":683,"column":1}},{"start":{},"end":{}}],"line":679},"70":{"loc":{"start":{"line":680,"column":15},"end":{"line":680,"column":39}},"type":"binary-expr","locations":[{"start":{"line":680,"column":15},"end":{"line":680,"column":31}},{"start":{"line":680,"column":35},"end":{"line":680,"column":39}}],"line":680}},"s":{"0":5,"1":5,"2":5,"3":5,"4":5,"5":5,"6":5,"7":5,"8":5,"9":5,"10":5,"11":5,"12":5,"13":4,"14":0,"15":4,"16":5,"17":0,"18":0,"19":0,"20":0,"21":0,"22":0,"23":0,"24":0,"25":0,"26":0,"27":0,"28":0,"29":0,"30":0,"31":0,"32":0,"33":0,"34":0,"35":0,"36":0,"37":0,"38":0,"39":0,"40":0,"41":0,"42":0,"43":0,"44":0,"45":0,"46":0,"47":0,"48":0,"49":0,"50":5,"51":4,"52":4,"53":4,"54":4,"55":0,"56":4,"57":2,"58":2,"59":2,"60":2,"61":0,"62":2,"63":5,"64":1,"65":1,"66":1,"67":1,"68":0,"69":1,"70":1,"71":0,"72":5,"73":1,"74":1,"75":1,"76":1,"77":0,"78":1,"79":0,"80":1,"81":1,"82":1,"83":0,"84":1,"85":1,"86":1,"87":0,"88":1,"89":1,"90":1,"91":1,"92":1,"93":0,"94":1,"95":0,"96":0,"97":0,"98":0,"99":0,"100":5,"101":1,"102":1,"103":1,"104":1,"105":0,"106":1,"107":1,"108":1,"109":0,"110":1,"111":1,"112":1,"113":5,"114":1,"115":1,"116":1,"117":1,"118":0,"119":1,"120":0,"121":1,"122":1,"123":1,"124":0,"125":1,"126":5,"127":1,"128":1,"129":1,"130":1,"131":0,"132":1,"133":5,"134":1,"135":1,"136":1,"137":1,"138":0,"139":1,"140":1,"141":1,"142":0,"143":5,"144":1,"145":1,"146":1,"147":1,"148":0,"149":1,"150":1,"151":1,"152":1,"153":1,"154":1,"155":0,"156":1,"157":1,"158":0,"159":0,"160":0,"161":0,"162":0,"163":1,"164":1,"165":1,"166":0,"167":1,"168":1,"169":1,"170":1,"171":0,"172":1,"173":1,"174":1,"175":1,"176":1,"177":1,"178":1,"179":1,"180":1,"181":4,"182":3,"183":3,"184":1,"185":1,"186":5,"187":1,"188":1,"189":1,"190":1,"191":0,"192":1,"193":22,"194":1,"195":5,"196":1,"197":1,"198":1,"199":1,"200":0,"201":1,"202":5,"203":1,"204":1,"205":1,"206":1,"207":0,"208":1,"209":5,"210":1,"211":1,"212":1,"213":1,"214":0,"215":1,"216":5,"217":1,"218":1,"219":1,"220":1,"221":0,"222":1,"223":5,"224":1,"225":1,"226":1,"227":1,"228":1,"229":0,"230":1,"231":0,"232":0,"233":0,"234":0,"235":0,"236":0,"237":5,"238":1,"239":1,"240":1,"241":0,"242":1,"243":1,"244":5,"245":1,"246":1,"247":1,"248":1,"249":0,"250":1,"251":1,"252":5,"253":1,"254":1,"255":1,"256":1,"257":0,"258":1,"259":0,"260":1,"261":5,"262":1,"263":1,"264":1,"265":1,"266":0,"267":0,"268":0,"269":1,"270":5,"271":1,"272":1,"273":0,"274":1,"275":0,"276":1,"277":0,"278":1,"279":1,"280":1,"281":0,"282":1,"283":1,"284":1,"285":0,"286":1,"287":1,"288":1,"289":0,"290":1,"291":5,"292":0,"293":0,"294":0,"295":0,"296":0,"297":0,"298":0,"299":0,"300":0,"301":0,"302":0,"303":0,"304":0,"305":0,"306":0,"307":0,"308":0,"309":0,"310":5,"311":0,"312":0,"313":0,"314":0,"315":0,"316":0,"317":0,"318":0,"319":5,"320":1,"321":1,"322":1,"323":1,"324":0,"325":1,"326":5,"327":1,"328":1,"329":1,"330":1,"331":0,"332":1,"333":1,"334":0,"335":5,"336":5,"337":0,"338":0,"339":0},"f":{"0":4,"1":0,"2":0,"3":0,"4":0,"5":0,"6":0,"7":0,"8":0,"9":0,"10":4,"11":4,"12":2,"13":1,"14":1,"15":1,"16":1,"17":1,"18":1,"19":1,"20":0,"21":1,"22":1,"23":1,"24":1,"25":1,"26":1,"27":1,"28":1,"29":1,"30":1,"31":1,"32":1,"33":1,"34":1,"35":1,"36":1,"37":1,"38":1,"39":22,"40":1,"41":1,"42":1,"43":1,"44":1,"45":1,"46":1,"47":1,"48":1,"49":1,"50":0,"51":1,"52":1,"53":1,"54":1,"55":1,"56":1,"57":1,"58":0,"59":0,"60":1,"61":1,"62":1,"63":1,"64":0,"65":0,"66":0,"67":0,"68":0,"69":0,"70":1,"71":1,"72":1,"73":1,"74":0},"b":{"0":[0,4],"1":[0,0],"2":[0,0],"3":[0,0],"4":[0,0],"5":[0,0],"6":[0,0],"7":[0,0],"8":[0,0],"9":[0,0],"10":[0,0],"11":[0,4],"12":[2,2],"13":[0,2],"14":[0,1],"15":[1,0],"16":[0,1],"17":[0,1],"18":[0,1],"19":[0,1],"20":[1,0],"21":[0,1],"22":[0,0],"23":[0,1],"24":[0,1],"25":[0,1],"26":[0,1],"27":[0,1],"28":[0,1],"29":[0,1],"30":[1,0],"31":[0,1],"32":[0,1],"33":[0,1],"34":[0,1],"35":[0,1],"36":[3,1],"37":[0,1],"38":[0,1],"39":[0,1],"40":[0,1],"41":[0,1],"42":[1,0],"43":[0,1],"44":[0,0],"45":[0,0],"46":[0,1],"47":[1,1],"48":[0,1],"49":[1,1],"50":[0,1],"51":[0,1],"52":[0,1],"53":[0,1],"54":[0,1],"55":[0,1],"56":[0,1],"57":[0,1],"58":[0,1],"59":[0,0],"60":[0,0],"61":[0,0],"62":[0,0],"63":[0,0],"64":[0,0],"65":[0,0],"66":[0,1],"67":[0,1],"68":[1,0],"69":[0,5],"70":[0,0]},"_coverageSchema":"1a1c01bbd47fc00a2c39e90264f33305004495a9","hash":"11f92f41089fd84771c51a3d216c591947c44dfb"}
}
