TN:
SF:server.js
FN:31,(anonymous_0)
FN:37,(anonymous_1)
FN:41,(anonymous_2)
FN:45,(anonymous_3)
FN:62,(anonymous_4)
FN:70,(anonymous_5)
FN:75,(anonymous_6)
FN:85,(anonymous_7)
FN:93,(anonymous_8)
FN:97,(anonymous_9)
FN:110,(anonymous_10)
FN:115,(anonymous_11)
FN:125,(anonymous_12)
FN:135,(anonymous_13)
FN:139,(anonymous_14)
FN:146,(anonymous_15)
FN:151,(anonymous_16)
FN:162,(anonymous_17)
FN:170,(anonymous_18)
FN:175,(anonymous_19)
FN:183,(anonymous_20)
FN:187,(anonymous_21)
FN:198,(anonymous_22)
FN:201,(anonymous_23)
FN:208,(anonymous_24)
FN:219,(anonymous_25)
FN:232,(anonymous_26)
FN:237,(anonymous_27)
FN:241,(anonymous_28)
FN:249,(anonymous_29)
FN:254,(anonymous_30)
FN:260,(anonymous_31)
FN:270,(anonymous_32)
FN:272,(anonymous_33)
FN:282,(anonymous_34)
FN:286,(anonymous_35)
FN:304,(anonymous_36)
FN:308,(anonymous_37)
FN:320,(anonymous_38)
FN:324,(anonymous_39)
FN:339,(anonymous_40)
FNF:41
FNH:29
FNDA:4,(anonymous_0)
FNDA:0,(anonymous_1)
FNDA:0,(anonymous_2)
FNDA:0,(anonymous_3)
FNDA:0,(anonymous_4)
FNDA:9,(anonymous_5)
FNDA:9,(anonymous_6)
FNDA:4,(anonymous_7)
FNDA:1,(anonymous_8)
FNDA:1,(anonymous_9)
FNDA:1,(anonymous_10)
FNDA:1,(anonymous_11)
FNDA:0,(anonymous_12)
FNDA:1,(anonymous_13)
FNDA:0,(anonymous_14)
FNDA:2,(anonymous_15)
FNDA:2,(anonymous_16)
FNDA:2,(anonymous_17)
FNDA:1,(anonymous_18)
FNDA:1,(anonymous_19)
FNDA:2,(anonymous_20)
FNDA:2,(anonymous_21)
FNDA:2,(anonymous_22)
FNDA:2,(anonymous_23)
FNDA:2,(anonymous_24)
FNDA:2,(anonymous_25)
FNDA:1,(anonymous_26)
FNDA:1,(anonymous_27)
FNDA:7,(anonymous_28)
FNDA:0,(anonymous_29)
FNDA:0,(anonymous_30)
FNDA:0,(anonymous_31)
FNDA:0,(anonymous_32)
FNDA:0,(anonymous_33)
FNDA:1,(anonymous_34)
FNDA:1,(anonymous_35)
FNDA:1,(anonymous_36)
FNDA:1,(anonymous_37)
FNDA:1,(anonymous_38)
FNDA:1,(anonymous_39)
FNDA:0,(anonymous_40)
DA:1,4
DA:2,4
DA:3,4
DA:4,4
DA:5,4
DA:7,4
DA:9,4
DA:10,4
DA:11,4
DA:14,4
DA:15,4
DA:22,4
DA:31,4
DA:32,4
DA:33,4
DA:37,4
DA:38,0
DA:41,0
DA:42,0
DA:43,0
DA:45,0
DA:46,0
DA:47,0
DA:48,0
DA:51,0
DA:62,0
DA:63,0
DA:70,4
DA:71,9
DA:74,9
DA:75,9
DA:77,9
DA:79,9
DA:80,5
DA:84,4
DA:85,4
DA:86,4
DA:87,2
DA:93,4
DA:94,1
DA:96,1
DA:97,1
DA:98,1
DA:100,1
DA:101,1
DA:104,0
DA:110,4
DA:111,1
DA:114,1
DA:115,1
DA:117,1
DA:119,1
DA:120,0
DA:124,1
DA:125,1
DA:126,0
DA:129,1
DA:135,4
DA:136,1
DA:138,1
DA:139,1
DA:140,0
DA:142,1
DA:146,4
DA:147,2
DA:150,2
DA:151,2
DA:153,2
DA:155,2
DA:156,0
DA:160,2
DA:162,2
DA:163,2
DA:164,2
DA:170,4
DA:171,1
DA:173,1
DA:175,1
DA:176,1
DA:177,1
DA:183,4
DA:184,2
DA:186,2
DA:187,2
DA:188,2
DA:189,2
DA:190,2
DA:191,1
DA:192,1
DA:198,4
DA:199,2
DA:200,2
DA:201,2
DA:202,2
DA:206,2
DA:207,2
DA:208,2
DA:209,2
DA:210,2
DA:211,2
DA:212,0
DA:213,0
DA:215,0
DA:217,2
DA:219,2
DA:220,2
DA:221,0
DA:223,2
DA:232,4
DA:233,1
DA:235,1
DA:237,1
DA:238,1
DA:241,7
DA:243,1
DA:249,4
DA:250,0
DA:252,0
DA:253,0
DA:254,0
DA:255,0
DA:256,0
DA:258,0
DA:259,0
DA:260,0
DA:261,0
DA:262,0
DA:270,4
DA:271,0
DA:272,0
DA:273,0
DA:276,0
DA:277,0
DA:282,4
DA:283,1
DA:285,1
DA:286,1
DA:287,1
DA:290,1
DA:299,1
DA:304,4
DA:305,1
DA:307,1
DA:308,1
DA:309,1
DA:311,1
DA:315,1
DA:320,4
DA:321,1
DA:323,1
DA:324,1
DA:325,1
DA:327,1
DA:331,1
DA:335,4
DA:337,4
DA:338,0
DA:339,0
LF:158
LH:120
BRDA:32,0,0,0
BRDA:32,0,1,4
BRDA:46,1,0,0
BRDA:46,1,1,0
BRDA:77,2,0,0
BRDA:77,2,1,9
BRDA:79,3,0,5
BRDA:79,3,1,4
BRDA:86,4,0,2
BRDA:86,4,1,2
BRDA:98,5,0,0
BRDA:98,5,1,1
BRDA:100,6,0,1
BRDA:100,6,1,0
BRDA:117,7,0,0
BRDA:117,7,1,1
BRDA:119,8,0,0
BRDA:119,8,1,1
BRDA:126,9,0,0
BRDA:126,9,1,0
BRDA:140,10,0,0
BRDA:140,10,1,0
BRDA:153,11,0,0
BRDA:153,11,1,2
BRDA:155,12,0,0
BRDA:155,12,1,2
BRDA:163,13,0,0
BRDA:163,13,1,2
BRDA:176,14,0,0
BRDA:176,14,1,1
BRDA:188,15,0,0
BRDA:188,15,1,2
BRDA:190,16,0,1
BRDA:190,16,1,1
BRDA:202,17,0,0
BRDA:202,17,1,2
BRDA:209,18,0,0
BRDA:209,18,1,2
BRDA:211,19,0,0
BRDA:211,19,1,2
BRDA:238,20,0,0
BRDA:238,20,1,1
BRDA:252,21,0,0
BRDA:252,21,1,0
BRDA:255,22,0,0
BRDA:255,22,1,0
BRDA:258,23,0,0
BRDA:258,23,1,0
BRDA:261,24,0,0
BRDA:261,24,1,0
BRDA:273,25,0,0
BRDA:273,25,1,0
BRDA:287,26,0,0
BRDA:287,26,1,1
BRDA:309,27,0,0
BRDA:309,27,1,1
BRDA:311,28,0,0
BRDA:311,28,1,1
BRDA:325,29,0,0
BRDA:325,29,1,1
BRDA:327,30,0,0
BRDA:327,30,1,1
BRDA:337,31,0,0
BRDA:337,31,1,4
BRDA:338,32,0,0
BRDA:338,32,1,0
BRF:66
BRH:27
end_of_record
