TN:
SF:server.js
FN:31,(anonymous_0)
FN:37,(anonymous_1)
FN:41,(anonymous_2)
FN:45,(anonymous_3)
FN:62,(anonymous_4)
FN:70,(anonymous_5)
FN:75,(anonymous_6)
FN:84,(anonymous_7)
FN:92,(anonymous_8)
FN:96,(anonymous_9)
FN:109,(anonymous_10)
FN:114,(anonymous_11)
FN:124,(anonymous_12)
FN:134,(anonymous_13)
FN:138,(anonymous_14)
FN:145,(anonymous_15)
FN:150,(anonymous_16)
FN:161,(anonymous_17)
FN:169,(anonymous_18)
FN:174,(anonymous_19)
FN:182,(anonymous_20)
FN:186,(anonymous_21)
FN:197,(anonymous_22)
FN:200,(anonymous_23)
FN:207,(anonymous_24)
FN:218,(anonymous_25)
FN:231,(anonymous_26)
FN:236,(anonymous_27)
FN:240,(anonymous_28)
FN:248,(anonymous_29)
FN:253,(anonymous_30)
FN:259,(anonymous_31)
FN:270,(anonymous_32)
FN:272,(anonymous_33)
FN:282,(anonymous_34)
FN:286,(anonymous_35)
FN:304,(anonymous_36)
FN:308,(anonymous_37)
FN:323,(anonymous_38)
FNF:39
FNH:13
FNDA:2,(anonymous_0)
FNDA:0,(anonymous_1)
FNDA:0,(anonymous_2)
FNDA:0,(anonymous_3)
FNDA:0,(anonymous_4)
FNDA:3,(anonymous_5)
FNDA:3,(anonymous_6)
FNDA:2,(anonymous_7)
FNDA:1,(anonymous_8)
FNDA:1,(anonymous_9)
FNDA:1,(anonymous_10)
FNDA:1,(anonymous_11)
FNDA:0,(anonymous_12)
FNDA:1,(anonymous_13)
FNDA:0,(anonymous_14)
FNDA:0,(anonymous_15)
FNDA:0,(anonymous_16)
FNDA:0,(anonymous_17)
FNDA:0,(anonymous_18)
FNDA:0,(anonymous_19)
FNDA:2,(anonymous_20)
FNDA:2,(anonymous_21)
FNDA:0,(anonymous_22)
FNDA:0,(anonymous_23)
FNDA:0,(anonymous_24)
FNDA:0,(anonymous_25)
FNDA:0,(anonymous_26)
FNDA:0,(anonymous_27)
FNDA:0,(anonymous_28)
FNDA:0,(anonymous_29)
FNDA:0,(anonymous_30)
FNDA:0,(anonymous_31)
FNDA:0,(anonymous_32)
FNDA:0,(anonymous_33)
FNDA:0,(anonymous_34)
FNDA:0,(anonymous_35)
FNDA:1,(anonymous_36)
FNDA:1,(anonymous_37)
FNDA:0,(anonymous_38)
DA:1,2
DA:2,2
DA:3,2
DA:4,2
DA:5,2
DA:7,2
DA:9,2
DA:10,2
DA:11,2
DA:14,2
DA:15,2
DA:22,2
DA:31,2
DA:32,2
DA:33,2
DA:37,2
DA:38,0
DA:41,0
DA:42,0
DA:43,0
DA:45,0
DA:46,0
DA:47,0
DA:48,0
DA:51,0
DA:62,0
DA:63,0
DA:70,2
DA:71,3
DA:74,3
DA:75,3
DA:76,3
DA:78,3
DA:79,1
DA:83,2
DA:84,2
DA:85,2
DA:86,2
DA:92,2
DA:93,1
DA:95,1
DA:96,1
DA:97,1
DA:99,1
DA:100,1
DA:103,0
DA:109,2
DA:110,1
DA:113,1
DA:114,1
DA:116,1
DA:118,1
DA:119,0
DA:123,1
DA:124,1
DA:125,0
DA:128,1
DA:134,2
DA:135,1
DA:137,1
DA:138,1
DA:139,0
DA:141,1
DA:145,2
DA:146,0
DA:149,0
DA:150,0
DA:152,0
DA:154,0
DA:155,0
DA:159,0
DA:161,0
DA:162,0
DA:163,0
DA:169,2
DA:170,0
DA:172,0
DA:174,0
DA:175,0
DA:176,0
DA:182,2
DA:183,2
DA:185,2
DA:186,2
DA:187,2
DA:188,2
DA:189,2
DA:190,1
DA:191,1
DA:197,2
DA:198,0
DA:199,0
DA:200,0
DA:201,0
DA:205,0
DA:206,0
DA:207,0
DA:208,0
DA:209,0
DA:210,0
DA:211,0
DA:212,0
DA:214,0
DA:216,0
DA:218,0
DA:219,0
DA:220,0
DA:222,0
DA:231,2
DA:232,0
DA:234,0
DA:236,0
DA:237,0
DA:240,0
DA:242,0
DA:248,2
DA:249,0
DA:251,0
DA:252,0
DA:253,0
DA:254,0
DA:255,0
DA:257,0
DA:258,0
DA:259,0
DA:260,0
DA:261,0
DA:270,2
DA:271,0
DA:272,0
DA:273,0
DA:276,0
DA:277,0
DA:282,2
DA:283,0
DA:285,0
DA:286,0
DA:287,0
DA:290,0
DA:299,0
DA:304,2
DA:305,1
DA:307,1
DA:308,1
DA:309,1
DA:311,1
DA:315,1
DA:319,2
DA:321,2
DA:322,0
DA:323,0
LF:151
LH:73
BRDA:32,0,0,0
BRDA:32,0,1,2
BRDA:46,1,0,0
BRDA:46,1,1,0
BRDA:76,2,0,0
BRDA:76,2,1,3
BRDA:78,3,0,1
BRDA:78,3,1,2
BRDA:85,4,0,0
BRDA:85,4,1,2
BRDA:97,5,0,0
BRDA:97,5,1,1
BRDA:99,6,0,1
BRDA:99,6,1,0
BRDA:116,7,0,0
BRDA:116,7,1,1
BRDA:118,8,0,0
BRDA:118,8,1,1
BRDA:125,9,0,0
BRDA:125,9,1,0
BRDA:139,10,0,0
BRDA:139,10,1,0
BRDA:152,11,0,0
BRDA:152,11,1,0
BRDA:154,12,0,0
BRDA:154,12,1,0
BRDA:162,13,0,0
BRDA:162,13,1,0
BRDA:175,14,0,0
BRDA:175,14,1,0
BRDA:187,15,0,0
BRDA:187,15,1,2
BRDA:189,16,0,1
BRDA:189,16,1,1
BRDA:201,17,0,0
BRDA:201,17,1,0
BRDA:208,18,0,0
BRDA:208,18,1,0
BRDA:210,19,0,0
BRDA:210,19,1,0
BRDA:237,20,0,0
BRDA:237,20,1,0
BRDA:251,21,0,0
BRDA:251,21,1,0
BRDA:254,22,0,0
BRDA:254,22,1,0
BRDA:257,23,0,0
BRDA:257,23,1,0
BRDA:260,24,0,0
BRDA:260,24,1,0
BRDA:273,25,0,0
BRDA:273,25,1,0
BRDA:287,26,0,0
BRDA:287,26,1,0
BRDA:309,27,0,0
BRDA:309,27,1,1
BRDA:311,28,0,0
BRDA:311,28,1,1
BRDA:321,29,0,0
BRDA:321,29,1,2
BRDA:322,30,0,0
BRDA:322,30,1,0
BRF:62
BRH:15
end_of_record
